Started GET "/" for ::1 at 2016-09-09 10:12:02 +0200
  [1m[36mActiveRecord::SchemaMigration Load (0.7ms)[0m  [1m[34mSELECT "schema_migrations".* FROM "schema_migrations"[0m
Processing by PagesController#home as HTML
  Rendering pages/home.html.erb within layouts/application
  Rendered pages/home.html.erb within layouts/application (9687.7ms)
  Rendered shared/navbar_components/_navbar_visitors.html.erb (4.7ms)
  Rendered shared/_navbar.html.erb (18.3ms)
  Rendered shared/_flashes.html.erb (1.1ms)
Completed 200 OK in 9849ms (Views: 9831.1ms | ActiveRecord: 0.0ms)


Started GET "/candidates/sign_in" for ::1 at 2016-09-09 10:12:15 +0200
Processing by Devise::SessionsController#new as HTML
  Rendering devise/sessions/new.html.erb within layouts/application
  Rendered candidates/shared/_links.html.erb (3.7ms)
  Rendered devise/sessions/new.html.erb within layouts/application (269.2ms)
  Rendered shared/_flashes.html.erb (0.7ms)
Completed 200 OK in 364ms (Views: 326.7ms | ActiveRecord: 5.2ms)


Started GET "/candidates/auth/linkedin?type=candidate" for ::1 at 2016-09-09 10:12:16 +0200
Started GET "/search?query=" for ::1 at 2016-09-09 10:12:28 +0200
Processing by PagesController#search as HTML
  Parameters: {"query"=>""}
  Rendering pages/search.html.erb within layouts/application
  [1m[35m (0.4ms)[0m  [1m[34mSELECT COUNT(*) FROM "job_offers"[0m
  [1m[36mJobOffer Load (0.4ms)[0m  [1m[34mSELECT "job_offers".* FROM "job_offers"[0m
  [1m[36mRecruiter Load (0.9ms)[0m  [1m[34mSELECT  "recruiters".* FROM "recruiters" WHERE "recruiters"."id" = $1 LIMIT $2[0m  [["id", 3], ["LIMIT", 1]]
  [1m[36mOrganization Load (0.3ms)[0m  [1m[34mSELECT  "organizations".* FROM "organizations" WHERE "organizations"."id" = $1 LIMIT $2[0m  [["id", 2], ["LIMIT", 1]]
  [1m[36mRecruiter Load (0.5ms)[0m  [1m[34mSELECT  "recruiters".* FROM "recruiters" WHERE "recruiters"."id" = $1 LIMIT $2[0m  [["id", 1], ["LIMIT", 1]]
  [1m[36mOrganization Load (0.4ms)[0m  [1m[34mSELECT  "organizations".* FROM "organizations" WHERE "organizations"."id" = $1 LIMIT $2[0m  [["id", 3], ["LIMIT", 1]]
  [1m[36mCACHE (0.0ms)[0m  [1m[34mSELECT  "recruiters".* FROM "recruiters" WHERE "recruiters"."id" = $1 LIMIT $2[0m  [["id", 1], ["LIMIT", 1]]
  [1m[36mCACHE (0.0ms)[0m  [1m[34mSELECT  "organizations".* FROM "organizations" WHERE "organizations"."id" = $1 LIMIT $2[0m  [["id", 3], ["LIMIT", 1]]
  [1m[36mRecruiter Load (0.5ms)[0m  [1m[34mSELECT  "recruiters".* FROM "recruiters" WHERE "recruiters"."id" = $1 LIMIT $2[0m  [["id", 2], ["LIMIT", 1]]
  [1m[36mOrganization Load (0.5ms)[0m  [1m[34mSELECT  "organizations".* FROM "organizations" WHERE "organizations"."id" = $1 LIMIT $2[0m  [["id", 1], ["LIMIT", 1]]
  Rendered pages/search.html.erb within layouts/application (154.0ms)
  Rendered shared/navbar_components/_navbar_visitors_search.html.erb (6.6ms)
  Rendered shared/_navbar.html.erb (12.9ms)
  Rendered shared/_flashes.html.erb (0.6ms)
Completed 200 OK in 222ms (Views: 196.6ms | ActiveRecord: 16.6ms)


  [1m[36mActiveRecord::SchemaMigration Load (0.7ms)[0m  [1m[34mSELECT "schema_migrations".* FROM "schema_migrations"[0m
  [1m[35m (15.0ms)[0m  [1m[34mSELECT "ar_internal_metadata"."value" FROM "ar_internal_metadata" WHERE "ar_internal_metadata"."key" = $1[0m  [["key", :environment]]
  [1m[36mActiveRecord::SchemaMigration Load (0.3ms)[0m  [1m[34mSELECT "schema_migrations".* FROM "schema_migrations"[0m
  [1m[35m (0.3ms)[0m  [1m[34mSELECT "ar_internal_metadata"."value" FROM "ar_internal_metadata" WHERE "ar_internal_metadata"."key" = $1[0m  [["key", :environment]]
  [1m[36mActiveRecord::SchemaMigration Load (0.3ms)[0m  [1m[34mSELECT "schema_migrations".* FROM "schema_migrations"[0m
  [1m[35m (0.2ms)[0m  [1m[34mSELECT "ar_internal_metadata"."value" FROM "ar_internal_metadata" WHERE "ar_internal_metadata"."key" = $1[0m  [["key", :environment]]
  [1m[35m (137.0ms)[0m  [1m[35mDROP DATABASE IF EXISTS "higher_development"[0m
  [1m[35m (125.4ms)[0m  [1m[35mDROP DATABASE IF EXISTS "higher_test"[0m
  [1m[35m (356.1ms)[0m  [1m[35mCREATE DATABASE "higher_development" ENCODING = 'unicode'[0m
  [1m[35m (250.8ms)[0m  [1m[35mCREATE DATABASE "higher_test" ENCODING = 'unicode'[0m
  [1m[35m (19.8ms)[0m  [1m[35mCREATE TABLE "schema_migrations" ("version" character varying PRIMARY KEY)[0m
  [1m[35m (9.6ms)[0m  [1m[35mCREATE TABLE "ar_internal_metadata" ("key" character varying PRIMARY KEY, "value" character varying, "created_at" timestamp NOT NULL, "updated_at" timestamp NOT NULL)[0m
  [1m[35m (0.3ms)[0m  [1m[34mSELECT pg_try_advisory_lock(8671789176111067860);[0m
  [1m[36mActiveRecord::SchemaMigration Load (0.5ms)[0m  [1m[34mSELECT "schema_migrations".* FROM "schema_migrations"[0m
Migrating to DeviseCreateCandidates (20160822144918)
  [1m[35m (0.2ms)[0m  [1m[35mBEGIN[0m
  [1m[35m (28.1ms)[0m  [1m[35mCREATE TABLE "candidates" ("id" serial primary key, "email" character varying DEFAULT '' NOT NULL, "encrypted_password" character varying DEFAULT '' NOT NULL, "reset_password_token" character varying, "reset_password_sent_at" timestamp, "remember_created_at" timestamp, "sign_in_count" integer DEFAULT 0 NOT NULL, "current_sign_in_at" timestamp, "last_sign_in_at" timestamp, "current_sign_in_ip" inet, "last_sign_in_ip" inet, "created_at" timestamp NOT NULL, "updated_at" timestamp NOT NULL)[0m
  [1m[35m (6.3ms)[0m  [1m[35mCREATE UNIQUE INDEX  "index_candidates_on_email" ON "candidates"  ("email")[0m
  [1m[35m (2.8ms)[0m  [1m[35mCREATE UNIQUE INDEX  "index_candidates_on_reset_password_token" ON "candidates"  ("reset_password_token")[0m
  [1m[35mSQL (2.6ms)[0m  [1m[32mINSERT INTO "schema_migrations" ("version") VALUES ($1) RETURNING "version"[0m  [["version", "20160822144918"]]
  [1m[35m (3.6ms)[0m  [1m[35mCOMMIT[0m
Migrating to DeviseCreateRecruiters (20160822145526)
  [1m[35m (6.7ms)[0m  [1m[35mBEGIN[0m
  [1m[35m (13.0ms)[0m  [1m[35mCREATE TABLE "recruiters" ("id" serial primary key, "email" character varying DEFAULT '' NOT NULL, "encrypted_password" character varying DEFAULT '' NOT NULL, "reset_password_token" character varying, "reset_password_sent_at" timestamp, "remember_created_at" timestamp, "sign_in_count" integer DEFAULT 0 NOT NULL, "current_sign_in_at" timestamp, "last_sign_in_at" timestamp, "current_sign_in_ip" inet, "last_sign_in_ip" inet, "created_at" timestamp NOT NULL, "updated_at" timestamp NOT NULL)[0m
  [1m[35m (3.3ms)[0m  [1m[35mCREATE UNIQUE INDEX  "index_recruiters_on_email" ON "recruiters"  ("email")[0m
  [1m[35m (2.6ms)[0m  [1m[35mCREATE UNIQUE INDEX  "index_recruiters_on_reset_password_token" ON "recruiters"  ("reset_password_token")[0m
  [1m[35mSQL (0.7ms)[0m  [1m[32mINSERT INTO "schema_migrations" ("version") VALUES ($1) RETURNING "version"[0m  [["version", "20160822145526"]]
  [1m[35m (2.3ms)[0m  [1m[35mCOMMIT[0m
Migrating to CreateJobOffers (20160822172454)
  [1m[35m (5.8ms)[0m  [1m[35mBEGIN[0m
  [1m[35m (15.2ms)[0m  [1m[35mCREATE TABLE "job_offers" ("id" serial primary key, "recruiter_id" integer, "description" text, "created_at" timestamp NOT NULL, "updated_at" timestamp NOT NULL)[0m
  [1m[35m (3.0ms)[0m  [1m[35mCREATE  INDEX  "index_job_offers_on_recruiter_id" ON "job_offers"  ("recruiter_id")[0m
  [1m[35mSQL (0.3ms)[0m  [1m[32mINSERT INTO "schema_migrations" ("version") VALUES ($1) RETURNING "version"[0m  [["version", "20160822172454"]]
  [1m[35m (2.2ms)[0m  [1m[35mCOMMIT[0m
Migrating to CreateJobApplications (20160822173346)
  [1m[35m (6.4ms)[0m  [1m[35mBEGIN[0m
  [1m[35m (14.7ms)[0m  [1m[35mCREATE TABLE "job_applications" ("id" serial primary key, "candidate_id" integer, "job_offer_id" integer, "motivation_letter" text, "created_at" timestamp NOT NULL, "updated_at" timestamp NOT NULL)[0m
  [1m[35m (4.1ms)[0m  [1m[35mCREATE  INDEX  "index_job_applications_on_candidate_id" ON "job_applications"  ("candidate_id")[0m
  [1m[35m (2.7ms)[0m  [1m[35mCREATE  INDEX  "index_job_applications_on_job_offer_id" ON "job_applications"  ("job_offer_id")[0m
  [1m[35mSQL (0.3ms)[0m  [1m[32mINSERT INTO "schema_migrations" ("version") VALUES ($1) RETURNING "version"[0m  [["version", "20160822173346"]]
  [1m[35m (2.1ms)[0m  [1m[35mCOMMIT[0m
Migrating to CreateOrganizations (20160822174526)
  [1m[35m (5.6ms)[0m  [1m[35mBEGIN[0m
  [1m[35m (9.8ms)[0m  [1m[35mCREATE TABLE "organizations" ("id" serial primary key, "name" character varying, "size" integer, "industry" character varying, "created_at" timestamp NOT NULL, "updated_at" timestamp NOT NULL)[0m
  [1m[35mSQL (0.6ms)[0m  [1m[32mINSERT INTO "schema_migrations" ("version") VALUES ($1) RETURNING "version"[0m  [["version", "20160822174526"]]
  [1m[35m (5.6ms)[0m  [1m[35mCOMMIT[0m
Migrating to AddAttributesToCandidates (20160822174919)
  [1m[35m (5.5ms)[0m  [1m[35mBEGIN[0m
  [1m[35m (16.0ms)[0m  [1m[35mALTER TABLE "candidates" ADD "first_name" character varying[0m
  [1m[35m (0.4ms)[0m  [1m[35mALTER TABLE "candidates" ADD "last_name" character varying[0m
  [1m[35m (0.5ms)[0m  [1m[35mALTER TABLE "candidates" ADD "phone_number" character varying[0m
  [1m[35mSQL (0.3ms)[0m  [1m[32mINSERT INTO "schema_migrations" ("version") VALUES ($1) RETURNING "version"[0m  [["version", "20160822174919"]]
  [1m[35m (0.7ms)[0m  [1m[35mCOMMIT[0m
Migrating to CreateLanguages (20160822174951)
  [1m[35m (0.1ms)[0m  [1m[35mBEGIN[0m
  [1m[35m (25.0ms)[0m  [1m[35mCREATE TABLE "languages" ("id" serial primary key, "name" character varying, "proficiency" character varying, "job_application_id" integer, "created_at" timestamp NOT NULL, "updated_at" timestamp NOT NULL, CONSTRAINT "fk_rails_50419243c5"
FOREIGN KEY ("job_application_id")
  REFERENCES "job_applications" ("id")
)[0m
  [1m[35m (3.8ms)[0m  [1m[35mCREATE  INDEX  "index_languages_on_job_application_id" ON "languages"  ("job_application_id")[0m
  [1m[35mSQL (0.3ms)[0m  [1m[32mINSERT INTO "schema_migrations" ("version") VALUES ($1) RETURNING "version"[0m  [["version", "20160822174951"]]
  [1m[35m (2.1ms)[0m  [1m[35mCOMMIT[0m
Migrating to AddAttributesToRecruiters (20160822175302)
  [1m[35m (6.3ms)[0m  [1m[35mBEGIN[0m
  [1m[35m (0.5ms)[0m  [1m[35mALTER TABLE "recruiters" ADD "title" character varying[0m
  [1m[35m (0.3ms)[0m  [1m[35mALTER TABLE "recruiters" ADD "organization_id" integer[0m
  [1m[35m (6.3ms)[0m  [1m[35mCREATE  INDEX  "index_recruiters_on_organization_id" ON "recruiters"  ("organization_id")[0m
  [1m[35m (9.0ms)[0m  [1m[35mALTER TABLE "recruiters" ADD CONSTRAINT "fk_rails_a26ccf4c44"
FOREIGN KEY ("organization_id")
  REFERENCES "organizations" ("id")
[0m
  [1m[35mSQL (0.7ms)[0m  [1m[32mINSERT INTO "schema_migrations" ("version") VALUES ($1) RETURNING "version"[0m  [["version", "20160822175302"]]
  [1m[35m (2.2ms)[0m  [1m[35mCOMMIT[0m
Migrating to CreateEducations (20160822185826)
  [1m[35m (0.3ms)[0m  [1m[35mBEGIN[0m
  [1m[35m (14.6ms)[0m  [1m[35mCREATE TABLE "educations" ("id" serial primary key, "start_date" date, "end_date" date, "title" character varying, "description" text, "present" boolean, "degree_type" character varying, "degree_field" character varying, "organization" character varying, "job_application_id" integer, "created_at" timestamp NOT NULL, "updated_at" timestamp NOT NULL, CONSTRAINT "fk_rails_46ad701bbf"
FOREIGN KEY ("job_application_id")
  REFERENCES "job_applications" ("id")
)[0m
  [1m[35m (3.0ms)[0m  [1m[35mCREATE  INDEX  "index_educations_on_job_application_id" ON "educations"  ("job_application_id")[0m
  [1m[35mSQL (0.2ms)[0m  [1m[32mINSERT INTO "schema_migrations" ("version") VALUES ($1) RETURNING "version"[0m  [["version", "20160822185826"]]
  [1m[35m (2.2ms)[0m  [1m[35mCOMMIT[0m
Migrating to CreateExperiences (20160822191340)
  [1m[35m (6.0ms)[0m  [1m[35mBEGIN[0m
  [1m[35m (14.9ms)[0m  [1m[35mCREATE TABLE "experiences" ("id" serial primary key, "company_size" integer, "industry" character varying, "organization" character varying, "job_application_id" integer, "title" character varying, "start_date" date, "end_date" date, "description" text, "present" boolean, "created_at" timestamp NOT NULL, "updated_at" timestamp NOT NULL, CONSTRAINT "fk_rails_6b2373232e"
FOREIGN KEY ("job_application_id")
  REFERENCES "job_applications" ("id")
)[0m
  [1m[35m (2.9ms)[0m  [1m[35mCREATE  INDEX  "index_experiences_on_job_application_id" ON "experiences"  ("job_application_id")[0m
  [1m[35mSQL (0.3ms)[0m  [1m[32mINSERT INTO "schema_migrations" ("version") VALUES ($1) RETURNING "version"[0m  [["version", "20160822191340"]]
  [1m[35m (2.0ms)[0m  [1m[35mCOMMIT[0m
Migrating to AddTitleToJobOffers (20160825092450)
  [1m[35m (6.3ms)[0m  [1m[35mBEGIN[0m
  [1m[35m (0.4ms)[0m  [1m[35mALTER TABLE "job_offers" ADD "title" text[0m
  [1m[35mSQL (0.3ms)[0m  [1m[32mINSERT INTO "schema_migrations" ("version") VALUES ($1) RETURNING "version"[0m  [["version", "20160825092450"]]
  [1m[35m (5.7ms)[0m  [1m[35mCOMMIT[0m
Migrating to RemoveTitleToJobOffers (20160825100103)
  [1m[35m (0.2ms)[0m  [1m[35mBEGIN[0m
  [1m[35m (1.0ms)[0m  [1m[35mALTER TABLE "job_offers" DROP "title"[0m
  [1m[35mSQL (0.4ms)[0m  [1m[32mINSERT INTO "schema_migrations" ("version") VALUES ($1) RETURNING "version"[0m  [["version", "20160825100103"]]
  [1m[35m (11.4ms)[0m  [1m[35mCOMMIT[0m
Migrating to AddDetailsToJobOffers (20160825102215)
  [1m[35m (0.2ms)[0m  [1m[35mBEGIN[0m
  [1m[35m (0.5ms)[0m  [1m[35mALTER TABLE "job_offers" ADD "contract" character varying[0m
  [1m[35m (0.4ms)[0m  [1m[35mALTER TABLE "job_offers" ADD "location" character varying[0m
  [1m[35mSQL (0.4ms)[0m  [1m[32mINSERT INTO "schema_migrations" ("version") VALUES ($1) RETURNING "version"[0m  [["version", "20160825102215"]]
  [1m[35m (6.4ms)[0m  [1m[35mCOMMIT[0m
Migrating to RemoveDetailsToJobOffers (20160825114650)
  [1m[35m (0.2ms)[0m  [1m[35mBEGIN[0m
  [1m[35m (0.5ms)[0m  [1m[35mALTER TABLE "job_offers" DROP "location"[0m
  [1m[35m (0.3ms)[0m  [1m[35mALTER TABLE "job_offers" DROP "contract"[0m
  [1m[35m (0.4ms)[0m  [1m[35mALTER TABLE "job_offers" ADD "title" character varying[0m
  [1m[35mSQL (0.3ms)[0m  [1m[32mINSERT INTO "schema_migrations" ("version") VALUES ($1) RETURNING "version"[0m  [["version", "20160825114650"]]
  [1m[35m (5.7ms)[0m  [1m[35mCOMMIT[0m
Migrating to AddAttributesToJobApplications (20160826133807)
  [1m[35m (0.2ms)[0m  [1m[35mBEGIN[0m
  [1m[35m (0.5ms)[0m  [1m[35mALTER TABLE "job_applications" ADD "submit" boolean[0m
  [1m[35m (0.3ms)[0m  [1m[35mALTER TABLE "job_applications" ADD "contact" boolean[0m
  [1m[35mSQL (0.5ms)[0m  [1m[32mINSERT INTO "schema_migrations" ("version") VALUES ($1) RETURNING "version"[0m  [["version", "20160826133807"]]
  [1m[35m (5.6ms)[0m  [1m[35mCOMMIT[0m
Migrating to AddOmniauthToCandidates (20160828093849)
  [1m[35m (0.2ms)[0m  [1m[35mBEGIN[0m
  [1m[35m (0.4ms)[0m  [1m[35mALTER TABLE "candidates" ADD "provider" character varying[0m
  [1m[35m (0.3ms)[0m  [1m[35mALTER TABLE "candidates" ADD "uid" character varying[0m
  [1m[35m (0.3ms)[0m  [1m[35mALTER TABLE "candidates" ADD "token" character varying[0m
  [1m[35m (0.3ms)[0m  [1m[35mALTER TABLE "candidates" ADD "token_expiry" timestamp[0m
  [1m[35mSQL (0.3ms)[0m  [1m[32mINSERT INTO "schema_migrations" ("version") VALUES ($1) RETURNING "version"[0m  [["version", "20160828093849"]]
  [1m[35m (5.7ms)[0m  [1m[35mCOMMIT[0m
Migrating to CreateMessages (20160829091624)
  [1m[35m (0.2ms)[0m  [1m[35mBEGIN[0m
  [1m[35m (20.9ms)[0m  [1m[35mCREATE TABLE "messages" ("id" serial primary key, "job_application_id" integer, "author_role" character varying, "content" text, "created_at" timestamp NOT NULL, "updated_at" timestamp NOT NULL, CONSTRAINT "fk_rails_eadecc2ae1"
FOREIGN KEY ("job_application_id")
  REFERENCES "job_applications" ("id")
)[0m
  [1m[35m (3.3ms)[0m  [1m[35mCREATE  INDEX  "index_messages_on_job_application_id" ON "messages"  ("job_application_id")[0m
  [1m[35mSQL (0.6ms)[0m  [1m[32mINSERT INTO "schema_migrations" ("version") VALUES ($1) RETURNING "version"[0m  [["version", "20160829091624"]]
  [1m[35m (2.5ms)[0m  [1m[35mCOMMIT[0m
Migrating to AddOmniauthToRecruiters (20160829092552)
  [1m[35m (6.6ms)[0m  [1m[35mBEGIN[0m
  [1m[35m (0.6ms)[0m  [1m[35mALTER TABLE "recruiters" ADD "provider" character varying[0m
  [1m[35m (0.4ms)[0m  [1m[35mALTER TABLE "recruiters" ADD "uid" character varying[0m
  [1m[35m (0.4ms)[0m  [1m[35mALTER TABLE "recruiters" ADD "token" character varying[0m
  [1m[35m (0.4ms)[0m  [1m[35mALTER TABLE "recruiters" ADD "token_expiry" timestamp[0m
  [1m[35mSQL (0.4ms)[0m  [1m[32mINSERT INTO "schema_migrations" ("version") VALUES ($1) RETURNING "version"[0m  [["version", "20160829092552"]]
  [1m[35m (6.9ms)[0m  [1m[35mCOMMIT[0m
Migrating to AddRejectedToJobApplication (20160829123434)
  [1m[35m (0.2ms)[0m  [1m[35mBEGIN[0m
  [1m[35m (0.6ms)[0m  [1m[35mALTER TABLE "job_applications" ADD "rejected" boolean[0m
  [1m[35mSQL (1.0ms)[0m  [1m[32mINSERT INTO "schema_migrations" ("version") VALUES ($1) RETURNING "version"[0m  [["version", "20160829123434"]]
  [1m[35m (6.2ms)[0m  [1m[35mCOMMIT[0m
Migrating to AddViewedToJobApplications (20160830091424)
  [1m[35m (0.2ms)[0m  [1m[35mBEGIN[0m
  [1m[35m (0.6ms)[0m  [1m[35mALTER TABLE "job_applications" ADD "viewed" boolean[0m
  [1m[35mSQL (0.4ms)[0m  [1m[32mINSERT INTO "schema_migrations" ("version") VALUES ($1) RETURNING "version"[0m  [["version", "20160830091424"]]
  [1m[35m (6.4ms)[0m  [1m[35mCOMMIT[0m
Migrating to AddAttributesToJobOffers (20160830235141)
  [1m[35m (0.3ms)[0m  [1m[35mBEGIN[0m
  [1m[35m (0.6ms)[0m  [1m[35mALTER TABLE "job_offers" ADD "location" character varying[0m
  [1m[35m (0.5ms)[0m  [1m[35mALTER TABLE "job_offers" ADD "min_xp" decimal[0m
  [1m[35m (0.4ms)[0m  [1m[35mALTER TABLE "job_offers" ADD "max_xp" decimal[0m
  [1m[35m (0.4ms)[0m  [1m[35mALTER TABLE "job_offers" ADD "salary" integer[0m
  [1m[35mSQL (0.4ms)[0m  [1m[32mINSERT INTO "schema_migrations" ("version") VALUES ($1) RETURNING "version"[0m  [["version", "20160830235141"]]
  [1m[35m (6.0ms)[0m  [1m[35mCOMMIT[0m
Migrating to AddPhotoUrlToOrganizations (20160831002016)
  [1m[35m (0.2ms)[0m  [1m[35mBEGIN[0m
  [1m[35m (0.5ms)[0m  [1m[35mALTER TABLE "organizations" ADD "photo_url" character varying[0m
  [1m[35mSQL (0.4ms)[0m  [1m[32mINSERT INTO "schema_migrations" ("version") VALUES ($1) RETURNING "version"[0m  [["version", "20160831002016"]]
  [1m[35m (5.5ms)[0m  [1m[35mCOMMIT[0m
  [1m[36mActiveRecord::InternalMetadata Load (0.5ms)[0m  [1m[34mSELECT  "ar_internal_metadata".* FROM "ar_internal_metadata" WHERE "ar_internal_metadata"."key" = $1 LIMIT $2[0m  [["key", :environment], ["LIMIT", 1]]
  [1m[35m (0.2ms)[0m  [1m[35mBEGIN[0m
  [1m[35mSQL (0.5ms)[0m  [1m[32mINSERT INTO "ar_internal_metadata" ("key", "value", "created_at", "updated_at") VALUES ($1, $2, $3, $4) RETURNING "key"[0m  [["key", "environment"], ["value", "development"], ["created_at", 2016-09-09 08:13:39 UTC], ["updated_at", 2016-09-09 08:13:39 UTC]]
  [1m[35m (2.1ms)[0m  [1m[35mCOMMIT[0m
  [1m[35m (0.4ms)[0m  [1m[34mSELECT pg_advisory_unlock(8671789176111067860)[0m
  [1m[36mActiveRecord::SchemaMigration Load (0.3ms)[0m  [1m[34mSELECT "schema_migrations".* FROM "schema_migrations"[0m
  [1m[35m (4.6ms)[0m  [1m[34mSELECT t2.oid::regclass::text AS to_table, a1.attname AS column, a2.attname AS primary_key, c.conname AS name, c.confupdtype AS on_update, c.confdeltype AS on_delete
FROM pg_constraint c
JOIN pg_class t1 ON c.conrelid = t1.oid
JOIN pg_class t2 ON c.confrelid = t2.oid
JOIN pg_attribute a1 ON a1.attnum = c.conkey[1] AND a1.attrelid = t1.oid
JOIN pg_attribute a2 ON a2.attnum = c.confkey[1] AND a2.attrelid = t2.oid
JOIN pg_namespace t3 ON c.connamespace = t3.oid
WHERE c.contype = 'f'
  AND t1.relname = 'candidates'
  AND t3.nspname = ANY (current_schemas(false))
ORDER BY c.conname
[0m
  [1m[35m (1.8ms)[0m  [1m[34mSELECT t2.oid::regclass::text AS to_table, a1.attname AS column, a2.attname AS primary_key, c.conname AS name, c.confupdtype AS on_update, c.confdeltype AS on_delete
FROM pg_constraint c
JOIN pg_class t1 ON c.conrelid = t1.oid
JOIN pg_class t2 ON c.confrelid = t2.oid
JOIN pg_attribute a1 ON a1.attnum = c.conkey[1] AND a1.attrelid = t1.oid
JOIN pg_attribute a2 ON a2.attnum = c.confkey[1] AND a2.attrelid = t2.oid
JOIN pg_namespace t3 ON c.connamespace = t3.oid
WHERE c.contype = 'f'
  AND t1.relname = 'educations'
  AND t3.nspname = ANY (current_schemas(false))
ORDER BY c.conname
[0m
  [1m[35m (1.8ms)[0m  [1m[34mSELECT t2.oid::regclass::text AS to_table, a1.attname AS column, a2.attname AS primary_key, c.conname AS name, c.confupdtype AS on_update, c.confdeltype AS on_delete
FROM pg_constraint c
JOIN pg_class t1 ON c.conrelid = t1.oid
JOIN pg_class t2 ON c.confrelid = t2.oid
JOIN pg_attribute a1 ON a1.attnum = c.conkey[1] AND a1.attrelid = t1.oid
JOIN pg_attribute a2 ON a2.attnum = c.confkey[1] AND a2.attrelid = t2.oid
JOIN pg_namespace t3 ON c.connamespace = t3.oid
WHERE c.contype = 'f'
  AND t1.relname = 'experiences'
  AND t3.nspname = ANY (current_schemas(false))
ORDER BY c.conname
[0m
  [1m[35m (1.7ms)[0m  [1m[34mSELECT t2.oid::regclass::text AS to_table, a1.attname AS column, a2.attname AS primary_key, c.conname AS name, c.confupdtype AS on_update, c.confdeltype AS on_delete
FROM pg_constraint c
JOIN pg_class t1 ON c.conrelid = t1.oid
JOIN pg_class t2 ON c.confrelid = t2.oid
JOIN pg_attribute a1 ON a1.attnum = c.conkey[1] AND a1.attrelid = t1.oid
JOIN pg_attribute a2 ON a2.attnum = c.confkey[1] AND a2.attrelid = t2.oid
JOIN pg_namespace t3 ON c.connamespace = t3.oid
WHERE c.contype = 'f'
  AND t1.relname = 'job_applications'
  AND t3.nspname = ANY (current_schemas(false))
ORDER BY c.conname
[0m
  [1m[35m (1.7ms)[0m  [1m[34mSELECT t2.oid::regclass::text AS to_table, a1.attname AS column, a2.attname AS primary_key, c.conname AS name, c.confupdtype AS on_update, c.confdeltype AS on_delete
FROM pg_constraint c
JOIN pg_class t1 ON c.conrelid = t1.oid
JOIN pg_class t2 ON c.confrelid = t2.oid
JOIN pg_attribute a1 ON a1.attnum = c.conkey[1] AND a1.attrelid = t1.oid
JOIN pg_attribute a2 ON a2.attnum = c.confkey[1] AND a2.attrelid = t2.oid
JOIN pg_namespace t3 ON c.connamespace = t3.oid
WHERE c.contype = 'f'
  AND t1.relname = 'job_offers'
  AND t3.nspname = ANY (current_schemas(false))
ORDER BY c.conname
[0m
  [1m[35m (1.8ms)[0m  [1m[34mSELECT t2.oid::regclass::text AS to_table, a1.attname AS column, a2.attname AS primary_key, c.conname AS name, c.confupdtype AS on_update, c.confdeltype AS on_delete
FROM pg_constraint c
JOIN pg_class t1 ON c.conrelid = t1.oid
JOIN pg_class t2 ON c.confrelid = t2.oid
JOIN pg_attribute a1 ON a1.attnum = c.conkey[1] AND a1.attrelid = t1.oid
JOIN pg_attribute a2 ON a2.attnum = c.confkey[1] AND a2.attrelid = t2.oid
JOIN pg_namespace t3 ON c.connamespace = t3.oid
WHERE c.contype = 'f'
  AND t1.relname = 'languages'
  AND t3.nspname = ANY (current_schemas(false))
ORDER BY c.conname
[0m
  [1m[35m (1.7ms)[0m  [1m[34mSELECT t2.oid::regclass::text AS to_table, a1.attname AS column, a2.attname AS primary_key, c.conname AS name, c.confupdtype AS on_update, c.confdeltype AS on_delete
FROM pg_constraint c
JOIN pg_class t1 ON c.conrelid = t1.oid
JOIN pg_class t2 ON c.confrelid = t2.oid
JOIN pg_attribute a1 ON a1.attnum = c.conkey[1] AND a1.attrelid = t1.oid
JOIN pg_attribute a2 ON a2.attnum = c.confkey[1] AND a2.attrelid = t2.oid
JOIN pg_namespace t3 ON c.connamespace = t3.oid
WHERE c.contype = 'f'
  AND t1.relname = 'messages'
  AND t3.nspname = ANY (current_schemas(false))
ORDER BY c.conname
[0m
  [1m[35m (1.7ms)[0m  [1m[34mSELECT t2.oid::regclass::text AS to_table, a1.attname AS column, a2.attname AS primary_key, c.conname AS name, c.confupdtype AS on_update, c.confdeltype AS on_delete
FROM pg_constraint c
JOIN pg_class t1 ON c.conrelid = t1.oid
JOIN pg_class t2 ON c.confrelid = t2.oid
JOIN pg_attribute a1 ON a1.attnum = c.conkey[1] AND a1.attrelid = t1.oid
JOIN pg_attribute a2 ON a2.attnum = c.confkey[1] AND a2.attrelid = t2.oid
JOIN pg_namespace t3 ON c.connamespace = t3.oid
WHERE c.contype = 'f'
  AND t1.relname = 'organizations'
  AND t3.nspname = ANY (current_schemas(false))
ORDER BY c.conname
[0m
  [1m[35m (1.7ms)[0m  [1m[34mSELECT t2.oid::regclass::text AS to_table, a1.attname AS column, a2.attname AS primary_key, c.conname AS name, c.confupdtype AS on_update, c.confdeltype AS on_delete
FROM pg_constraint c
JOIN pg_class t1 ON c.conrelid = t1.oid
JOIN pg_class t2 ON c.confrelid = t2.oid
JOIN pg_attribute a1 ON a1.attnum = c.conkey[1] AND a1.attrelid = t1.oid
JOIN pg_attribute a2 ON a2.attnum = c.confkey[1] AND a2.attrelid = t2.oid
JOIN pg_namespace t3 ON c.connamespace = t3.oid
WHERE c.contype = 'f'
  AND t1.relname = 'recruiters'
  AND t3.nspname = ANY (current_schemas(false))
ORDER BY c.conname
[0m
  [1m[36mActiveRecord::SchemaMigration Load (0.2ms)[0m  [1m[34mSELECT "schema_migrations".* FROM "schema_migrations"[0m
  [1m[36mCandidate Load (0.8ms)[0m  [1m[34mSELECT "candidates".* FROM "candidates"[0m
  [1m[36mRecruiter Load (0.4ms)[0m  [1m[34mSELECT "recruiters".* FROM "recruiters"[0m
  [1m[36mOrganization Load (0.3ms)[0m  [1m[34mSELECT "organizations".* FROM "organizations"[0m
  [1m[36mJobOffer Load (0.4ms)[0m  [1m[34mSELECT "job_offers".* FROM "job_offers"[0m
  [1m[36mJobApplication Load (0.5ms)[0m  [1m[34mSELECT "job_applications".* FROM "job_applications"[0m
  [1m[36mLanguage Load (0.5ms)[0m  [1m[34mSELECT "languages".* FROM "languages"[0m
  [1m[36mExperience Load (0.5ms)[0m  [1m[34mSELECT "experiences".* FROM "experiences"[0m
  [1m[36mEducation Load (0.5ms)[0m  [1m[34mSELECT "educations".* FROM "educations"[0m
  [1m[35m (0.6ms)[0m  [1m[35mBEGIN[0m
  [1m[36mCandidate Exists (0.5ms)[0m  [1m[34mSELECT  1 AS one FROM "candidates" WHERE "candidates"."email" = $1 LIMIT $2[0m  [["email", "thd@gmail.com"], ["LIMIT", 1]]
  [1m[35mSQL (0.7ms)[0m  [1m[32mINSERT INTO "candidates" ("email", "encrypted_password", "created_at", "updated_at", "first_name", "last_name", "phone_number") VALUES ($1, $2, $3, $4, $5, $6, $7) RETURNING "id"[0m  [["email", "thd@gmail.com"], ["encrypted_password", "$2a$11$sFESJUb8OD288vW1dihFA.cwSp0uOvos3CKbiHDw1rSfpwoLO2HQe"], ["created_at", 2016-09-09 08:13:39 UTC], ["updated_at", 2016-09-09 08:13:39 UTC], ["first_name", "Thibault"], ["last_name", "Dupont"], ["phone_number", "+33 6 78 94 35 66"]]
  [1m[35m (5.9ms)[0m  [1m[35mCOMMIT[0m
  [1m[35m (0.2ms)[0m  [1m[35mBEGIN[0m
  [1m[35mSQL (0.4ms)[0m  [1m[32mINSERT INTO "organizations" ("name", "size", "industry", "created_at", "updated_at") VALUES ($1, $2, $3, $4, $5) RETURNING "id"[0m  [["name", "Oracle"], ["size", 74000], ["industry", "Information Technology and Services"], ["created_at", 2016-09-09 08:13:39 UTC], ["updated_at", 2016-09-09 08:13:39 UTC]]
  [1m[35m (2.4ms)[0m  [1m[35mCOMMIT[0m
  [1m[35m (0.1ms)[0m  [1m[35mBEGIN[0m
  [1m[35mSQL (0.3ms)[0m  [1m[32mINSERT INTO "organizations" ("name", "size", "industry", "created_at", "updated_at") VALUES ($1, $2, $3, $4, $5) RETURNING "id"[0m  [["name", "Amazon"], ["size", 74000], ["industry", "Internet"], ["created_at", 2016-09-09 08:13:39 UTC], ["updated_at", 2016-09-09 08:13:39 UTC]]
  [1m[35m (2.2ms)[0m  [1m[35mCOMMIT[0m
  [1m[35m (0.1ms)[0m  [1m[35mBEGIN[0m
  [1m[35mSQL (0.3ms)[0m  [1m[32mINSERT INTO "organizations" ("name", "size", "industry", "created_at", "updated_at") VALUES ($1, $2, $3, $4, $5) RETURNING "id"[0m  [["name", "L'Oréal"], ["size", 74000], ["industry", "Cosmetics"], ["created_at", 2016-09-09 08:13:39 UTC], ["updated_at", 2016-09-09 08:13:39 UTC]]
  [1m[35m (2.3ms)[0m  [1m[35mCOMMIT[0m
  [1m[36mOrganization Load (0.4ms)[0m  [1m[34mSELECT  "organizations".* FROM "organizations" WHERE "organizations"."name" = $1 ORDER BY "organizations"."id" ASC LIMIT $2[0m  [["name", "L'Oréal"], ["LIMIT", 1]]
  [1m[35m (0.2ms)[0m  [1m[35mBEGIN[0m
  [1m[36mRecruiter Exists (0.4ms)[0m  [1m[34mSELECT  1 AS one FROM "recruiters" WHERE "recruiters"."email" = $1 LIMIT $2[0m  [["email", "t.delas@loreal.com"], ["LIMIT", 1]]
  [1m[35mSQL (3.3ms)[0m  [1m[32mINSERT INTO "recruiters" ("email", "encrypted_password", "created_at", "updated_at", "title", "organization_id") VALUES ($1, $2, $3, $4, $5, $6) RETURNING "id"[0m  [["email", "t.delas@loreal.com"], ["encrypted_password", "$2a$11$qX.L7OPQ75bEHUX1NALcn.fmYL86QyV9K4g/zEQtcKcYMAnBLMIp6"], ["created_at", 2016-09-09 08:13:39 UTC], ["updated_at", 2016-09-09 08:13:39 UTC], ["title", "Thierry Delas Senior Recruiter"], ["organization_id", 3]]
  [1m[35m (3.0ms)[0m  [1m[35mCOMMIT[0m
  [1m[36mOrganization Load (0.3ms)[0m  [1m[34mSELECT  "organizations".* FROM "organizations" WHERE "organizations"."name" = $1 ORDER BY "organizations"."id" ASC LIMIT $2[0m  [["name", "Oracle"], ["LIMIT", 1]]
  [1m[35m (0.2ms)[0m  [1m[35mBEGIN[0m
  [1m[36mRecruiter Exists (0.3ms)[0m  [1m[34mSELECT  1 AS one FROM "recruiters" WHERE "recruiters"."email" = $1 LIMIT $2[0m  [["email", "k.smith@oracle.com"], ["LIMIT", 1]]
  [1m[35mSQL (0.4ms)[0m  [1m[32mINSERT INTO "recruiters" ("email", "encrypted_password", "created_at", "updated_at", "title", "organization_id") VALUES ($1, $2, $3, $4, $5, $6) RETURNING "id"[0m  [["email", "k.smith@oracle.com"], ["encrypted_password", "$2a$11$o9UGN7TYX2hk1TG1FfL8nOMqwlGEZ4H00/v.Yb12B3O5YkWCn7HG."], ["created_at", 2016-09-09 08:13:39 UTC], ["updated_at", 2016-09-09 08:13:39 UTC], ["title", "Kate Smith @ Junior Recruiter - IT department"], ["organization_id", 1]]
  [1m[35m (2.2ms)[0m  [1m[35mCOMMIT[0m
  [1m[36mOrganization Load (0.3ms)[0m  [1m[34mSELECT  "organizations".* FROM "organizations" WHERE "organizations"."name" = $1 ORDER BY "organizations"."id" ASC LIMIT $2[0m  [["name", "Amazon"], ["LIMIT", 1]]
  [1m[35m (0.2ms)[0m  [1m[35mBEGIN[0m
  [1m[36mRecruiter Exists (0.3ms)[0m  [1m[34mSELECT  1 AS one FROM "recruiters" WHERE "recruiters"."email" = $1 LIMIT $2[0m  [["email", "j.nash@amazon.com"], ["LIMIT", 1]]
  [1m[35mSQL (0.4ms)[0m  [1m[32mINSERT INTO "recruiters" ("email", "encrypted_password", "created_at", "updated_at", "title", "organization_id") VALUES ($1, $2, $3, $4, $5, $6) RETURNING "id"[0m  [["email", "j.nash@amazon.com"], ["encrypted_password", "$2a$11$koDeqXPvXnhr5fInfcthJ.Gwyu1DPfOs02AIwX9ktUuX.jofdu4cq"], ["created_at", 2016-09-09 08:13:40 UTC], ["updated_at", 2016-09-09 08:13:40 UTC], ["title", "John Nash @ Junior Recruiter"], ["organization_id", 2]]
  [1m[35m (2.2ms)[0m  [1m[35mCOMMIT[0m
  [1m[36mRecruiter Load (0.4ms)[0m  [1m[34mSELECT  "recruiters".* FROM "recruiters" WHERE "recruiters"."email" = $1 ORDER BY "recruiters"."id" ASC LIMIT $2[0m  [["email", "j.nash@amazon.com"], ["LIMIT", 1]]
  [1m[35m (0.2ms)[0m  [1m[35mBEGIN[0m
  [1m[35mSQL (12.7ms)[0m  [1m[32mINSERT INTO "job_offers" ("recruiter_id", "description", "created_at", "updated_at", "title", "location", "min_xp", "max_xp", "salary") VALUES ($1, $2, $3, $4, $5, $6, $7, $8, $9) RETURNING "id"[0m  [["recruiter_id", 3], ["description", "Amazon seeks a Senior Financial Analyst to be a key member of its wholesale finance team. Amazon wholesale business serves as the procurement solution provider for businesses of all size and types by offering wide selection, consistently low prices and convenient shopping experience to businesses. This position will be a critical business partner and will own the P&L for one of our product categories. This includes, among other things, responsibility for financial metrics, reporting, forecasting and analysis.\n\nBASIC QUALIFICATIONS\n· Bachelor's degree in finance, accounting, business or related field\n· 3+ years post CA/ MBA from a reputed B-school with relevant finance experience\n· Advanced knowledge of Excel, and familiarity with databases.\n· Advanced analytical skills and an ability to work independently in a fast-paced, ambiguous and rapidly changing environment\n\nPREFERRED QUALIFICATIONS\n· A work ethic based on a strong desire to exceed expectations\n· Strong interpersonal skills emphasizing written and oral communication\n· Demonstrated ability to build and manage financial models for business forecasting, variance analysis, and problem solving\n· Advanced Excel and analysis skills\n· Experience with SQL is a strong plus"], ["created_at", 2016-09-09 08:13:40 UTC], ["updated_at", 2016-09-09 08:13:40 UTC], ["title", "Full Stack Marketing Ruby On Rails Backflip 360°"], ["location", "Luxembourg"], ["min_xp", #<BigDecimal:7f80d1d77338,'0.3E1',9(27)>], ["max_xp", #<BigDecimal:7f80d1d77270,'0.5E1',9(27)>], ["salary", 60]]
  [1m[35m (5.5ms)[0m  [1m[35mCOMMIT[0m
  [1m[36mRecruiter Load (0.5ms)[0m  [1m[34mSELECT  "recruiters".* FROM "recruiters" WHERE "recruiters"."email" = $1 ORDER BY "recruiters"."id" ASC LIMIT $2[0m  [["email", "t.delas@loreal.com"], ["LIMIT", 1]]
  [1m[35m (0.2ms)[0m  [1m[35mBEGIN[0m
  [1m[35mSQL (0.5ms)[0m  [1m[32mINSERT INTO "job_offers" ("recruiter_id", "description", "created_at", "updated_at", "title", "location", "min_xp", "max_xp", "salary") VALUES ($1, $2, $3, $4, $5, $6, $7, $8, $9) RETURNING "id"[0m  [["recruiter_id", 1], ["description", "We are currently looking to hire 1 experienced (Senior) Sales Director for our Consulting Services Line of Business in France.  In this role you will have responsibility for all consulting bookings in France, either through managing the group of French Consulting Sales Representatives (Field & Inside) or by performing sales directly with specific focus on SaaS, IaaS and PaaS solutions."], ["created_at", 2016-09-09 08:13:40 UTC], ["updated_at", 2016-09-09 08:13:40 UTC], ["title", "Community Manager"], ["location", "Paris"], ["min_xp", #<BigDecimal:7f80d1d64238,'0.1E1',9(27)>], ["max_xp", #<BigDecimal:7f80d1d64198,'0.3E1',9(27)>], ["salary", 35]]
  [1m[35m (5.3ms)[0m  [1m[35mCOMMIT[0m
  [1m[36mRecruiter Load (0.5ms)[0m  [1m[34mSELECT  "recruiters".* FROM "recruiters" WHERE "recruiters"."email" = $1 ORDER BY "recruiters"."id" ASC LIMIT $2[0m  [["email", "t.delas@loreal.com"], ["LIMIT", 1]]
  [1m[35m (0.2ms)[0m  [1m[35mBEGIN[0m
  [1m[35mSQL (0.5ms)[0m  [1m[32mINSERT INTO "job_offers" ("recruiter_id", "description", "created_at", "updated_at", "title", "location", "min_xp", "max_xp", "salary") VALUES ($1, $2, $3, $4, $5, $6, $7, $8, $9) RETURNING "id"[0m  [["recruiter_id", 1], ["description", "\n    Description\n\n    As a leading worldwide provider of navigation devices and wearable technology, our focus is on developing, designing and supporting superior products. Our advanced technology promotes performance, safety and ease of use in every market we serve. That makes us an engineering and technology company with a keen focus on recruiting talent in those fields. But the same vertical integration business model that keeps all design and manufacturing processes in-house also gives us the incentive to hire top performers from different backgrounds, including operations, finance and accounting, information technology, sales, marketing and communications.\n\n\n    We're looking for a Digital Marketing Manager at our world headquarters in Olathe, KS to manage the execution of the strategic vision, coordination, and implementation of digital marketing efforts for retail partners.\n\n\n    In this role, your key essential functions will be:\n    - Develop and execute the strategic vision for digital marketing for retail partners including advertisements, promotions, banners, homepage takeovers, brand landing pages, emails, social posts, and search words\n    - Work directly with retail partners to improve the end customer shopping experience\n    - Assess effectiveness of campaigns through calculating ROI, and change/optimize accordingly to maximize sales and brand exposure\n    - Work closely with sales leaders to ensure an aligned digital strategy\n    - Manage 3rd party digital content agreements to maximize contract allowances\n    - Maintain strong product knowledge across all products in consumer segments\n\n    You will also be responsible for the following:\n    Some travel required, as necessary, to attend dealer marketing conferences, vendor meetings and industry shows."], ["created_at", 2016-09-09 08:13:40 UTC], ["updated_at", 2016-09-09 08:13:40 UTC], ["title", "Digital Marketing Manager"], ["location", "Paris"], ["min_xp", #<BigDecimal:7f80d1d4d1f0,'0.5E1',9(27)>], ["max_xp", #<BigDecimal:7f80d1d4d150,'0.1E2',9(27)>], ["salary", 52]]
  [1m[35m (2.2ms)[0m  [1m[35mCOMMIT[0m
  [1m[36mRecruiter Load (0.5ms)[0m  [1m[34mSELECT  "recruiters".* FROM "recruiters" WHERE "recruiters"."email" = $1 ORDER BY "recruiters"."id" ASC LIMIT $2[0m  [["email", "k.smith@oracle.com"], ["LIMIT", 1]]
  [1m[35m (0.2ms)[0m  [1m[35mBEGIN[0m
  [1m[35mSQL (1.2ms)[0m  [1m[32mINSERT INTO "job_offers" ("recruiter_id", "description", "created_at", "updated_at", "title", "location", "min_xp", "max_xp", "salary") VALUES ($1, $2, $3, $4, $5, $6, $7, $8, $9) RETURNING "id"[0m  [["recruiter_id", 2], ["description", "This is not your typical Internal Audit position. As an Internal Auditor for the country's leading nuclear organisation, you will have the opportunity to take part in incredibly varied and highly complex audits, within an extremely visible role in the business.\n\n\nDetails about the Client\n\nSellafield is the company responsible for safely delivering decommissioning of the UK's nuclear legacy as well as fuel recycling and the management of low, high and intermediate level nuclear waste activities. With a number of significant developments taking place across the business you will gain rare insight into an organisation going through substantial change. The projects they're involved with are globally significant and they take pride of the high standards they keep to, encouraging responsible actions and ensuring a positive reflection on the nuclear industry as a whole.\n\n\nDetailed Job Description\n\nA recent change in ownership means an increased focus on the importance of Internal Audit's role in helping to shape and guide Sellafield's future direction. These changes have encouraged more emphasis on strategy and transformation within the Audit Plan. Engaging with senior stakeholders across the business requires a talented auditor who is not afraid to be proactive and challenge influential individuals on a regular basis. Identifying individuals who are autonomous as well as innovative is vital.\n\nSellafield's Internal Audit function has a remit to provide assurance and advice across all areas of the business from corporate governance to project management and human resources to shared services. The calibre of the team has seen Internal Audit become well respected across the organisation ensuring that all levels are receptive to their input.\n\nFrom day one you will take full responsibility for a varied portfolio of risk based audit reviews; using your ability to think strategically and outside of the box, you will be challenged to identify commercial and practical solutions to control issues and then present back to the business. You will also be tasked with proactively identifying potential areas for further review within the business, and then feed this into the planning process. You will have exposure to individuals at all levels but particularly at Executive and Board level, with all reviews having an Executive sponsor with whom you would be partnering.\n\nThe interaction you will have across disciplines allows you the opportunity to use the experience gained in this role as a springboard to a variety of internal opportunities. Exceptional performers have moved to senior roles in finance, commercial and operations across the Sellafield business and have also had the opportunity to gain international experience.\n\n\nCandidate's Profile\n\nOur client is looking for talented auditors who are proactive, innovative and autonomous.\n\nThe successful candidate should meet the following criteria:\n\nQualified Chartered Accountant or Auditor (ACA or CMIIA) with 3 years post qualification experience (PQE)\nIdeally your PQE will be in Internal Audit, or External Audit dealing with large, complex clients\nA demonstrable, strong academic track record\nSelf-motivated and keen to use their initiative to problem-solve\nExcellent interpersonal and communication skills with an ability to build strong relationships and influence senior stakeholders across all levels\nYour success in the role will be determined by your ability to:\n\nThink strategically\nWork proactively\nBuild effective relationships at all levels"], ["created_at", 2016-09-09 08:13:40 UTC], ["updated_at", 2016-09-09 08:13:40 UTC], ["title", "SEO expert"], ["location", "Paris"], ["min_xp", #<BigDecimal:7f80d1d36180,'0.8E1',9(27)>], ["max_xp", #<BigDecimal:7f80d1d360e0,'0.12E2',9(27)>], ["salary", 70]]
  [1m[35m (2.3ms)[0m  [1m[35mCOMMIT[0m
  [1m[36mCandidate Load (0.4ms)[0m  [1m[34mSELECT  "candidates".* FROM "candidates" ORDER BY "candidates"."id" ASC LIMIT $1[0m  [["LIMIT", 1]]
  [1m[36mJobOffer Load (0.3ms)[0m  [1m[34mSELECT  "job_offers".* FROM "job_offers" ORDER BY "job_offers"."id" ASC LIMIT $1 OFFSET $2[0m  [["LIMIT", 1], ["OFFSET", 2]]
  [1m[35m (0.2ms)[0m  [1m[35mBEGIN[0m
  [1m[35mSQL (0.5ms)[0m  [1m[32mINSERT INTO "job_applications" ("candidate_id", "job_offer_id", "motivation_letter", "created_at", "updated_at", "submit") VALUES ($1, $2, $3, $4, $5, $6) RETURNING "id"[0m  [["candidate_id", 1], ["job_offer_id", 3], ["motivation_letter", "Dear Sir or Madam, I am writing in response to your advertisement for a Sales Director for your Consulting Services Line of Business in France. I have done many roles in the same field of skills required by your proposition."], ["created_at", 2016-08-30 00:00:00 UTC], ["updated_at", 2016-09-09 08:13:40 UTC], ["submit", true]]
  [1m[35m (2.1ms)[0m  [1m[35mCOMMIT[0m
  [1m[36mJobApplication Load (0.3ms)[0m  [1m[34mSELECT  "job_applications".* FROM "job_applications" ORDER BY "job_applications"."id" ASC LIMIT $1[0m  [["LIMIT", 1]]
  [1m[35m (0.2ms)[0m  [1m[35mBEGIN[0m
  [1m[35mSQL (0.6ms)[0m  [1m[32mINSERT INTO "languages" ("name", "proficiency", "job_application_id", "created_at", "updated_at") VALUES ($1, $2, $3, $4, $5) RETURNING "id"[0m  [["name", "French"], ["proficiency", "Native"], ["job_application_id", 1], ["created_at", 2016-09-09 08:13:40 UTC], ["updated_at", 2016-09-09 08:13:40 UTC]]
  [1m[35m (2.2ms)[0m  [1m[35mCOMMIT[0m
  [1m[36mJobApplication Load (0.3ms)[0m  [1m[34mSELECT  "job_applications".* FROM "job_applications" ORDER BY "job_applications"."id" ASC LIMIT $1[0m  [["LIMIT", 1]]
  [1m[35m (0.1ms)[0m  [1m[35mBEGIN[0m
  [1m[35mSQL (0.4ms)[0m  [1m[32mINSERT INTO "languages" ("name", "proficiency", "job_application_id", "created_at", "updated_at") VALUES ($1, $2, $3, $4, $5) RETURNING "id"[0m  [["name", "English"], ["proficiency", "Fluent"], ["job_application_id", 1], ["created_at", 2016-09-09 08:13:40 UTC], ["updated_at", 2016-09-09 08:13:40 UTC]]
  [1m[35m (4.8ms)[0m  [1m[35mCOMMIT[0m
  [1m[36mJobApplication Load (0.4ms)[0m  [1m[34mSELECT  "job_applications".* FROM "job_applications" ORDER BY "job_applications"."id" ASC LIMIT $1[0m  [["LIMIT", 1]]
  [1m[35m (0.2ms)[0m  [1m[35mBEGIN[0m
  [1m[35mSQL (1.1ms)[0m  [1m[32mINSERT INTO "experiences" ("company_size", "industry", "organization", "job_application_id", "title", "start_date", "end_date", "description", "created_at", "updated_at") VALUES ($1, $2, $3, $4, $5, $6, $7, $8, $9, $10) RETURNING "id"[0m  [["company_size", 100000], ["industry", "Computer Software"], ["organization", "Unilever"], ["job_application_id", 1], ["title", "Category Manager"], ["start_date", Wed, 01 Jun 1994], ["end_date", Sat, 01 Aug 2015], ["description", "I managed a team of 10 account managers."], ["created_at", 2016-09-09 08:13:40 UTC], ["updated_at", 2016-09-09 08:13:40 UTC]]
  [1m[35m (5.8ms)[0m  [1m[35mCOMMIT[0m
  [1m[36mJobApplication Load (0.4ms)[0m  [1m[34mSELECT  "job_applications".* FROM "job_applications" ORDER BY "job_applications"."id" ASC LIMIT $1[0m  [["LIMIT", 1]]
  [1m[35m (0.2ms)[0m  [1m[35mBEGIN[0m
  [1m[35mSQL (0.6ms)[0m  [1m[32mINSERT INTO "experiences" ("company_size", "industry", "organization", "job_application_id", "title", "start_date", "end_date", "description", "created_at", "updated_at") VALUES ($1, $2, $3, $4, $5, $6, $7, $8, $9, $10) RETURNING "id"[0m  [["company_size", 100000], ["industry", "Computer Software"], ["organization", "Carrefour"], ["job_application_id", 1], ["title", "Product Manager"], ["start_date", Fri, 01 Feb 1980], ["end_date", Thu, 01 Nov 1990], ["description", "I managed a team of 10 account managers."], ["created_at", 2016-09-09 08:13:40 UTC], ["updated_at", 2016-09-09 08:13:40 UTC]]
  [1m[35m (5.7ms)[0m  [1m[35mCOMMIT[0m
  [1m[36mJobApplication Load (0.4ms)[0m  [1m[34mSELECT  "job_applications".* FROM "job_applications" ORDER BY "job_applications"."id" ASC LIMIT $1[0m  [["LIMIT", 1]]
  [1m[35m (0.2ms)[0m  [1m[35mBEGIN[0m
  [1m[35mSQL (0.6ms)[0m  [1m[32mINSERT INTO "educations" ("start_date", "end_date", "description", "degree_type", "degree_field", "organization", "job_application_id", "created_at", "updated_at") VALUES ($1, $2, $3, $4, $5, $6, $7, $8, $9) RETURNING "id"[0m  [["start_date", Mon, 01 Jun 1992], ["end_date", Tue, 01 Aug 1995], ["description", "I graduated from this business school which belongs to the top 10 in Europe."], ["degree_type", "Master"], ["degree_field", "Grande Ecole"], ["organization", "ESSEC Business School"], ["job_application_id", 1], ["created_at", 2016-09-09 08:13:40 UTC], ["updated_at", 2016-09-09 08:13:40 UTC]]
  [1m[35m (2.2ms)[0m  [1m[35mCOMMIT[0m
  [1m[35m (0.1ms)[0m  [1m[35mBEGIN[0m
  [1m[36mCandidate Exists (0.3ms)[0m  [1m[34mSELECT  1 AS one FROM "candidates" WHERE "candidates"."email" = $1 LIMIT $2[0m  [["email", "isa@gmail.com"], ["LIMIT", 1]]
  [1m[35mSQL (0.3ms)[0m  [1m[32mINSERT INTO "candidates" ("email", "encrypted_password", "created_at", "updated_at", "first_name", "last_name", "phone_number") VALUES ($1, $2, $3, $4, $5, $6, $7) RETURNING "id"[0m  [["email", "isa@gmail.com"], ["encrypted_password", "$2a$11$Cc42JqKZlEh76XQ.46mMD.IFP5JmalsPmq6Xic9BLt3g1czaemWJi"], ["created_at", 2016-09-09 08:13:40 UTC], ["updated_at", 2016-09-09 08:13:40 UTC], ["first_name", "Isabelle"], ["last_name", "Cheminet"], ["phone_number", "+33 6 78 94 35 66"]]
  [1m[35m (2.1ms)[0m  [1m[35mCOMMIT[0m
  [1m[36mCandidate Load (0.3ms)[0m  [1m[34mSELECT  "candidates".* FROM "candidates" ORDER BY "candidates"."id" ASC LIMIT $1 OFFSET $2[0m  [["LIMIT", 1], ["OFFSET", 1]]
  [1m[36mJobOffer Load (0.2ms)[0m  [1m[34mSELECT  "job_offers".* FROM "job_offers" ORDER BY "job_offers"."id" ASC LIMIT $1 OFFSET $2[0m  [["LIMIT", 1], ["OFFSET", 2]]
  [1m[35m (0.1ms)[0m  [1m[35mBEGIN[0m
  [1m[35mSQL (0.3ms)[0m  [1m[32mINSERT INTO "job_applications" ("candidate_id", "job_offer_id", "motivation_letter", "created_at", "updated_at", "submit") VALUES ($1, $2, $3, $4, $5, $6) RETURNING "id"[0m  [["candidate_id", 2], ["job_offer_id", 3], ["motivation_letter", "Dear Sir or Madam, I am very interested by your proposition. I have worked for more than ten years in the IT field, so I think I have enough experience to get this position."], ["created_at", 2016-08-31 00:00:00 UTC], ["updated_at", 2016-09-09 08:13:40 UTC], ["submit", true]]
  [1m[35m (2.1ms)[0m  [1m[35mCOMMIT[0m
  [1m[36mJobApplication Load (0.2ms)[0m  [1m[34mSELECT  "job_applications".* FROM "job_applications" ORDER BY "job_applications"."id" ASC LIMIT $1 OFFSET $2[0m  [["LIMIT", 1], ["OFFSET", 1]]
  [1m[35m (0.1ms)[0m  [1m[35mBEGIN[0m
  [1m[35mSQL (0.4ms)[0m  [1m[32mINSERT INTO "languages" ("name", "proficiency", "job_application_id", "created_at", "updated_at") VALUES ($1, $2, $3, $4, $5) RETURNING "id"[0m  [["name", "French"], ["proficiency", "Native"], ["job_application_id", 2], ["created_at", 2016-09-09 08:13:40 UTC], ["updated_at", 2016-09-09 08:13:40 UTC]]
  [1m[35m (2.2ms)[0m  [1m[35mCOMMIT[0m
  [1m[36mJobApplication Load (0.3ms)[0m  [1m[34mSELECT  "job_applications".* FROM "job_applications" ORDER BY "job_applications"."id" ASC LIMIT $1 OFFSET $2[0m  [["LIMIT", 1], ["OFFSET", 1]]
  [1m[35m (0.1ms)[0m  [1m[35mBEGIN[0m
  [1m[35mSQL (0.4ms)[0m  [1m[32mINSERT INTO "languages" ("name", "proficiency", "job_application_id", "created_at", "updated_at") VALUES ($1, $2, $3, $4, $5) RETURNING "id"[0m  [["name", "English"], ["proficiency", "TOEIC 950"], ["job_application_id", 2], ["created_at", 2016-09-09 08:13:40 UTC], ["updated_at", 2016-09-09 08:13:40 UTC]]
  [1m[35m (2.2ms)[0m  [1m[35mCOMMIT[0m
  [1m[36mJobApplication Load (0.2ms)[0m  [1m[34mSELECT  "job_applications".* FROM "job_applications" ORDER BY "job_applications"."id" ASC LIMIT $1 OFFSET $2[0m  [["LIMIT", 1], ["OFFSET", 1]]
  [1m[35m (0.1ms)[0m  [1m[35mBEGIN[0m
  [1m[35mSQL (0.4ms)[0m  [1m[32mINSERT INTO "languages" ("name", "proficiency", "job_application_id", "created_at", "updated_at") VALUES ($1, $2, $3, $4, $5) RETURNING "id"[0m  [["name", "Chinese"], ["proficiency", "Intermediate"], ["job_application_id", 2], ["created_at", 2016-09-09 08:13:40 UTC], ["updated_at", 2016-09-09 08:13:40 UTC]]
  [1m[35m (2.0ms)[0m  [1m[35mCOMMIT[0m
  [1m[36mJobApplication Load (0.4ms)[0m  [1m[34mSELECT  "job_applications".* FROM "job_applications" ORDER BY "job_applications"."id" ASC LIMIT $1 OFFSET $2[0m  [["LIMIT", 1], ["OFFSET", 1]]
  [1m[35m (0.1ms)[0m  [1m[35mBEGIN[0m
  [1m[35mSQL (0.4ms)[0m  [1m[32mINSERT INTO "experiences" ("company_size", "industry", "organization", "job_application_id", "title", "start_date", "end_date", "description", "created_at", "updated_at") VALUES ($1, $2, $3, $4, $5, $6, $7, $8, $9, $10) RETURNING "id"[0m  [["company_size", 100000], ["industry", "Computer Software"], ["organization", "Publicis"], ["job_application_id", 2], ["title", "Communication Assistant"], ["start_date", Sat, 01 Jun 2002], ["end_date", Wed, 01 Jun 2016], ["description", "I was charged of the middle market clients."], ["created_at", 2016-09-09 08:13:40 UTC], ["updated_at", 2016-09-09 08:13:40 UTC]]
  [1m[35m (2.3ms)[0m  [1m[35mCOMMIT[0m
  [1m[36mJobApplication Load (0.3ms)[0m  [1m[34mSELECT  "job_applications".* FROM "job_applications" ORDER BY "job_applications"."id" ASC LIMIT $1 OFFSET $2[0m  [["LIMIT", 1], ["OFFSET", 1]]
  [1m[35m (0.1ms)[0m  [1m[35mBEGIN[0m
  [1m[35mSQL (0.4ms)[0m  [1m[32mINSERT INTO "educations" ("start_date", "end_date", "description", "degree_type", "degree_field", "organization", "job_application_id", "created_at", "updated_at") VALUES ($1, $2, $3, $4, $5, $6, $7, $8, $9) RETURNING "id"[0m  [["start_date", Sat, 01 Jun 1996], ["end_date", Fri, 01 Jun 2001], ["description", "I have a specialization in IT services."], ["degree_type", "Master"], ["degree_field", "in Finance"], ["organization", "Université Paris Dauphine"], ["job_application_id", 2], ["created_at", 2016-09-09 08:13:40 UTC], ["updated_at", 2016-09-09 08:13:40 UTC]]
  [1m[35m (2.1ms)[0m  [1m[35mCOMMIT[0m
  [1m[35m (0.2ms)[0m  [1m[35mBEGIN[0m
  [1m[36mCandidate Exists (0.3ms)[0m  [1m[34mSELECT  1 AS one FROM "candidates" WHERE "candidates"."email" = $1 LIMIT $2[0m  [["email", "ben@gmail.com"], ["LIMIT", 1]]
  [1m[35mSQL (0.4ms)[0m  [1m[32mINSERT INTO "candidates" ("email", "encrypted_password", "created_at", "updated_at", "first_name", "last_name", "phone_number") VALUES ($1, $2, $3, $4, $5, $6, $7) RETURNING "id"[0m  [["email", "ben@gmail.com"], ["encrypted_password", "$2a$11$/QiGQZUq5ocJ8OJQWtKi6eeVHjZ/O0ceTfHi3/dDJPOFdG1YQZpN2"], ["created_at", 2016-09-09 08:13:40 UTC], ["updated_at", 2016-09-09 08:13:40 UTC], ["first_name", "Benjamin"], ["last_name", "Rihouet"], ["phone_number", "+33 4 78 24 35 96"]]
  [1m[35m (2.3ms)[0m  [1m[35mCOMMIT[0m
  [1m[36mCandidate Load (0.3ms)[0m  [1m[34mSELECT  "candidates".* FROM "candidates" ORDER BY "candidates"."id" ASC LIMIT $1 OFFSET $2[0m  [["LIMIT", 1], ["OFFSET", 2]]
  [1m[36mJobOffer Load (0.2ms)[0m  [1m[34mSELECT  "job_offers".* FROM "job_offers" ORDER BY "job_offers"."id" ASC LIMIT $1 OFFSET $2[0m  [["LIMIT", 1], ["OFFSET", 2]]
  [1m[35m (0.1ms)[0m  [1m[35mBEGIN[0m
  [1m[35mSQL (0.3ms)[0m  [1m[32mINSERT INTO "job_applications" ("candidate_id", "job_offer_id", "motivation_letter", "created_at", "updated_at", "submit") VALUES ($1, $2, $3, $4, $5, $6) RETURNING "id"[0m  [["candidate_id", 3], ["job_offer_id", 3], ["motivation_letter", "Hi, I had an experience at Amazon in Marketing, but now I want to be more focused on tech products."], ["created_at", 2016-08-31 00:00:00 UTC], ["updated_at", 2016-09-09 08:13:40 UTC], ["submit", true]]
  [1m[35m (2.2ms)[0m  [1m[35mCOMMIT[0m
  [1m[36mJobApplication Load (0.3ms)[0m  [1m[34mSELECT  "job_applications".* FROM "job_applications" ORDER BY "job_applications"."id" ASC LIMIT $1 OFFSET $2[0m  [["LIMIT", 1], ["OFFSET", 2]]
  [1m[35m (0.1ms)[0m  [1m[35mBEGIN[0m
  [1m[35mSQL (0.4ms)[0m  [1m[32mINSERT INTO "languages" ("name", "proficiency", "job_application_id", "created_at", "updated_at") VALUES ($1, $2, $3, $4, $5) RETURNING "id"[0m  [["name", "French"], ["proficiency", "Native"], ["job_application_id", 3], ["created_at", 2016-09-09 08:13:40 UTC], ["updated_at", 2016-09-09 08:13:40 UTC]]
  [1m[35m (2.2ms)[0m  [1m[35mCOMMIT[0m
  [1m[36mJobApplication Load (0.3ms)[0m  [1m[34mSELECT  "job_applications".* FROM "job_applications" ORDER BY "job_applications"."id" ASC LIMIT $1 OFFSET $2[0m  [["LIMIT", 1], ["OFFSET", 2]]
  [1m[35m (0.1ms)[0m  [1m[35mBEGIN[0m
  [1m[35mSQL (0.3ms)[0m  [1m[32mINSERT INTO "languages" ("name", "proficiency", "job_application_id", "created_at", "updated_at") VALUES ($1, $2, $3, $4, $5) RETURNING "id"[0m  [["name", "English"], ["proficiency", "TOEFL 930"], ["job_application_id", 3], ["created_at", 2016-09-09 08:13:40 UTC], ["updated_at", 2016-09-09 08:13:40 UTC]]
  [1m[35m (2.4ms)[0m  [1m[35mCOMMIT[0m
  [1m[36mJobApplication Load (0.3ms)[0m  [1m[34mSELECT  "job_applications".* FROM "job_applications" ORDER BY "job_applications"."id" ASC LIMIT $1 OFFSET $2[0m  [["LIMIT", 1], ["OFFSET", 2]]
  [1m[35m (0.1ms)[0m  [1m[35mBEGIN[0m
  [1m[35mSQL (0.5ms)[0m  [1m[32mINSERT INTO "experiences" ("company_size", "industry", "organization", "job_application_id", "title", "start_date", "end_date", "description", "created_at", "updated_at") VALUES ($1, $2, $3, $4, $5, $6, $7, $8, $9, $10) RETURNING "id"[0m  [["company_size", 100000], ["industry", "E-commerce"], ["organization", "Cdiscount"], ["job_application_id", 3], ["title", "Digital Marketing Analyst"], ["start_date", Tue, 01 Jun 2010], ["end_date", Wed, 01 Jun 2016], ["description", "I worked on several projects about SEO and growth hacking."], ["created_at", 2016-09-09 08:13:40 UTC], ["updated_at", 2016-09-09 08:13:40 UTC]]
  [1m[35m (2.1ms)[0m  [1m[35mCOMMIT[0m
  [1m[36mJobApplication Load (0.3ms)[0m  [1m[34mSELECT  "job_applications".* FROM "job_applications" ORDER BY "job_applications"."id" ASC LIMIT $1 OFFSET $2[0m  [["LIMIT", 1], ["OFFSET", 2]]
  [1m[35m (0.1ms)[0m  [1m[35mBEGIN[0m
  [1m[35mSQL (0.4ms)[0m  [1m[32mINSERT INTO "educations" ("start_date", "end_date", "description", "degree_type", "degree_field", "organization", "job_application_id", "created_at", "updated_at") VALUES ($1, $2, $3, $4, $5, $6, $7, $8, $9) RETURNING "id"[0m  [["start_date", Wed, 01 Jun 2005], ["end_date", Mon, 01 Jun 2009], ["description", "I did a specialization in Consumer Goods Marketing"], ["degree_type", "Master"], ["degree_field", "Marketing"], ["organization", "HEC Paris"], ["job_application_id", 3], ["created_at", 2016-09-09 08:13:40 UTC], ["updated_at", 2016-09-09 08:13:40 UTC]]
  [1m[35m (2.2ms)[0m  [1m[35mCOMMIT[0m
  [1m[35m (0.2ms)[0m  [1m[35mBEGIN[0m
  [1m[36mCandidate Exists (0.5ms)[0m  [1m[34mSELECT  1 AS one FROM "candidates" WHERE "candidates"."email" = $1 LIMIT $2[0m  [["email", "clemm@gmail.com"], ["LIMIT", 1]]
  [1m[35mSQL (0.5ms)[0m  [1m[32mINSERT INTO "candidates" ("email", "encrypted_password", "created_at", "updated_at", "first_name", "last_name", "phone_number") VALUES ($1, $2, $3, $4, $5, $6, $7) RETURNING "id"[0m  [["email", "clemm@gmail.com"], ["encrypted_password", "$2a$11$gMqE.GpJVVEPuCUxuZreO.QkNuwgE7CVMGcRR42qcC0791idQ3oNu"], ["created_at", 2016-09-09 08:13:40 UTC], ["updated_at", 2016-09-09 08:13:40 UTC], ["first_name", "Clémence"], ["last_name", "Eljira"], ["phone_number", "+33 9 31 94 88 66"]]
  [1m[35m (2.2ms)[0m  [1m[35mCOMMIT[0m
  [1m[36mCandidate Load (0.4ms)[0m  [1m[34mSELECT  "candidates".* FROM "candidates" WHERE "candidates"."last_name" = $1 LIMIT $2[0m  [["last_name", "Eljira"], ["LIMIT", 1]]
  [1m[36mJobOffer Load (0.3ms)[0m  [1m[34mSELECT  "job_offers".* FROM "job_offers" ORDER BY "job_offers"."id" ASC LIMIT $1 OFFSET $2[0m  [["LIMIT", 1], ["OFFSET", 2]]
  [1m[35m (0.1ms)[0m  [1m[35mBEGIN[0m
  [1m[35mSQL (0.3ms)[0m  [1m[32mINSERT INTO "job_applications" ("candidate_id", "job_offer_id", "motivation_letter", "created_at", "updated_at", "submit") VALUES ($1, $2, $3, $4, $5, $6) RETURNING "id"[0m  [["candidate_id", 4], ["job_offer_id", 3], ["motivation_letter", "Ok"], ["created_at", 2016-09-01 00:00:00 UTC], ["updated_at", 2016-09-09 08:13:40 UTC], ["submit", true]]
  [1m[35m (2.4ms)[0m  [1m[35mCOMMIT[0m
  [1m[36mJobApplication Load (0.3ms)[0m  [1m[34mSELECT  "job_applications".* FROM "job_applications" WHERE "job_applications"."motivation_letter" = $1 LIMIT $2[0m  [["motivation_letter", "Ok"], ["LIMIT", 1]]
  [1m[35m (0.2ms)[0m  [1m[35mBEGIN[0m
  [1m[35mSQL (0.4ms)[0m  [1m[32mINSERT INTO "languages" ("name", "proficiency", "job_application_id", "created_at", "updated_at") VALUES ($1, $2, $3, $4, $5) RETURNING "id"[0m  [["name", "English"], ["proficiency", "Native"], ["job_application_id", 4], ["created_at", 2016-09-09 08:13:40 UTC], ["updated_at", 2016-09-09 08:13:40 UTC]]
  [1m[35m (2.2ms)[0m  [1m[35mCOMMIT[0m
  [1m[36mJobApplication Load (0.3ms)[0m  [1m[34mSELECT  "job_applications".* FROM "job_applications" WHERE "job_applications"."motivation_letter" = $1 LIMIT $2[0m  [["motivation_letter", "Ok"], ["LIMIT", 1]]
  [1m[35m (0.1ms)[0m  [1m[35mBEGIN[0m
  [1m[35mSQL (0.4ms)[0m  [1m[32mINSERT INTO "languages" ("name", "proficiency", "job_application_id", "created_at", "updated_at") VALUES ($1, $2, $3, $4, $5) RETURNING "id"[0m  [["name", "French"], ["proficiency", "Fluent"], ["job_application_id", 4], ["created_at", 2016-09-09 08:13:40 UTC], ["updated_at", 2016-09-09 08:13:40 UTC]]
  [1m[35m (2.1ms)[0m  [1m[35mCOMMIT[0m
  [1m[36mJobApplication Load (0.3ms)[0m  [1m[34mSELECT  "job_applications".* FROM "job_applications" WHERE "job_applications"."motivation_letter" = $1 LIMIT $2[0m  [["motivation_letter", "Ok"], ["LIMIT", 1]]
  [1m[35m (0.2ms)[0m  [1m[35mBEGIN[0m
  [1m[35mSQL (0.4ms)[0m  [1m[32mINSERT INTO "experiences" ("company_size", "industry", "organization", "job_application_id", "title", "start_date", "end_date", "description", "created_at", "updated_at") VALUES ($1, $2, $3, $4, $5, $6, $7, $8, $9, $10) RETURNING "id"[0m  [["company_size", 100000], ["industry", "Accounting"], ["organization", "Fleury Michon"], ["job_application_id", 4], ["title", "Marketing Assistant"], ["start_date", Sat, 01 Jun 2002], ["end_date", Tue, 01 Jun 2010], ["description", "Exciting experience in a dynamic SSII."], ["created_at", 2016-09-09 08:13:40 UTC], ["updated_at", 2016-09-09 08:13:40 UTC]]
  [1m[35m (2.1ms)[0m  [1m[35mCOMMIT[0m
  [1m[36mJobApplication Load (0.3ms)[0m  [1m[34mSELECT  "job_applications".* FROM "job_applications" WHERE "job_applications"."motivation_letter" = $1 LIMIT $2[0m  [["motivation_letter", "Ok"], ["LIMIT", 1]]
  [1m[35m (0.1ms)[0m  [1m[35mBEGIN[0m
  [1m[35mSQL (0.5ms)[0m  [1m[32mINSERT INTO "educations" ("start_date", "end_date", "description", "degree_type", "degree_field", "organization", "job_application_id", "created_at", "updated_at") VALUES ($1, $2, $3, $4, $5, $6, $7, $8, $9) RETURNING "id"[0m  [["start_date", Sat, 01 Jun 1996], ["end_date", Fri, 01 Jun 2001], ["description", "My specialization is about computer science."], ["degree_type", "Master"], ["degree_field", "Computer Science"], ["organization", "EM Strasbourg"], ["job_application_id", 4], ["created_at", 2016-09-09 08:13:40 UTC], ["updated_at", 2016-09-09 08:13:40 UTC]]
  [1m[35m (2.1ms)[0m  [1m[35mCOMMIT[0m
  [1m[35m (0.2ms)[0m  [1m[35mBEGIN[0m
  [1m[36mCandidate Exists (0.3ms)[0m  [1m[34mSELECT  1 AS one FROM "candidates" WHERE "candidates"."email" = $1 LIMIT $2[0m  [["email", "clemdddsm@gmail.com"], ["LIMIT", 1]]
  [1m[35mSQL (0.3ms)[0m  [1m[32mINSERT INTO "candidates" ("email", "encrypted_password", "created_at", "updated_at", "first_name", "last_name", "phone_number") VALUES ($1, $2, $3, $4, $5, $6, $7) RETURNING "id"[0m  [["email", "clemdddsm@gmail.com"], ["encrypted_password", "$2a$11$TA4.oSTEsVBIPuSj/ZuGu.7NvO39GrYSXrXccUQmr6k0fP92EmC1m"], ["created_at", 2016-09-09 08:13:40 UTC], ["updated_at", 2016-09-09 08:13:40 UTC], ["first_name", "Sandra"], ["last_name", "Potier"], ["phone_number", "+33 9 31 94 88 66"]]
  [1m[35m (2.2ms)[0m  [1m[35mCOMMIT[0m
  [1m[36mCandidate Load (0.3ms)[0m  [1m[34mSELECT  "candidates".* FROM "candidates" WHERE "candidates"."last_name" = $1 LIMIT $2[0m  [["last_name", "Potier"], ["LIMIT", 1]]
  [1m[36mJobOffer Load (0.2ms)[0m  [1m[34mSELECT  "job_offers".* FROM "job_offers" ORDER BY "job_offers"."id" ASC LIMIT $1 OFFSET $2[0m  [["LIMIT", 1], ["OFFSET", 2]]
  [1m[35m (0.1ms)[0m  [1m[35mBEGIN[0m
  [1m[35mSQL (0.3ms)[0m  [1m[32mINSERT INTO "job_applications" ("candidate_id", "job_offer_id", "motivation_letter", "created_at", "updated_at", "submit") VALUES ($1, $2, $3, $4, $5, $6) RETURNING "id"[0m  [["candidate_id", 5], ["job_offer_id", 3], ["motivation_letter", "I"], ["created_at", 2016-09-01 00:00:00 UTC], ["updated_at", 2016-09-09 08:13:40 UTC], ["submit", true]]
  [1m[35m (2.1ms)[0m  [1m[35mCOMMIT[0m
  [1m[36mJobApplication Load (0.3ms)[0m  [1m[34mSELECT  "job_applications".* FROM "job_applications" WHERE "job_applications"."motivation_letter" = $1 LIMIT $2[0m  [["motivation_letter", "I"], ["LIMIT", 1]]
  [1m[35m (0.1ms)[0m  [1m[35mBEGIN[0m
  [1m[35mSQL (0.3ms)[0m  [1m[32mINSERT INTO "languages" ("name", "proficiency", "job_application_id", "created_at", "updated_at") VALUES ($1, $2, $3, $4, $5) RETURNING "id"[0m  [["name", "English"], ["proficiency", "Native"], ["job_application_id", 5], ["created_at", 2016-09-09 08:13:40 UTC], ["updated_at", 2016-09-09 08:13:40 UTC]]
  [1m[35m (2.1ms)[0m  [1m[35mCOMMIT[0m
  [1m[36mJobApplication Load (0.3ms)[0m  [1m[34mSELECT  "job_applications".* FROM "job_applications" WHERE "job_applications"."motivation_letter" = $1 LIMIT $2[0m  [["motivation_letter", "I"], ["LIMIT", 1]]
  [1m[35m (0.1ms)[0m  [1m[35mBEGIN[0m
  [1m[35mSQL (0.4ms)[0m  [1m[32mINSERT INTO "languages" ("name", "proficiency", "job_application_id", "created_at", "updated_at") VALUES ($1, $2, $3, $4, $5) RETURNING "id"[0m  [["name", "French"], ["proficiency", "Fluent"], ["job_application_id", 5], ["created_at", 2016-09-09 08:13:40 UTC], ["updated_at", 2016-09-09 08:13:40 UTC]]
  [1m[35m (2.3ms)[0m  [1m[35mCOMMIT[0m
  [1m[36mJobApplication Load (0.2ms)[0m  [1m[34mSELECT  "job_applications".* FROM "job_applications" WHERE "job_applications"."motivation_letter" = $1 LIMIT $2[0m  [["motivation_letter", "I"], ["LIMIT", 1]]
  [1m[35m (0.1ms)[0m  [1m[35mBEGIN[0m
  [1m[35mSQL (0.4ms)[0m  [1m[32mINSERT INTO "experiences" ("company_size", "industry", "organization", "job_application_id", "title", "start_date", "end_date", "description", "created_at", "updated_at") VALUES ($1, $2, $3, $4, $5, $6, $7, $8, $9, $10) RETURNING "id"[0m  [["company_size", 100000], ["industry", "Corporate Law"], ["organization", "Akerman LLP"], ["job_application_id", 5], ["title", "Legal Analyst M&A"], ["start_date", Tue, 01 Jun 1999], ["end_date", Tue, 01 Jun 2010], ["description", "Exciting experience in a dynamic SSII."], ["created_at", 2016-09-09 08:13:40 UTC], ["updated_at", 2016-09-09 08:13:40 UTC]]
  [1m[35m (2.3ms)[0m  [1m[35mCOMMIT[0m
  [1m[36mJobApplication Load (0.3ms)[0m  [1m[34mSELECT  "job_applications".* FROM "job_applications" WHERE "job_applications"."motivation_letter" = $1 LIMIT $2[0m  [["motivation_letter", "I"], ["LIMIT", 1]]
  [1m[35m (0.2ms)[0m  [1m[35mBEGIN[0m
  [1m[35mSQL (0.6ms)[0m  [1m[32mINSERT INTO "educations" ("start_date", "end_date", "description", "degree_type", "degree_field", "organization", "job_application_id", "created_at", "updated_at") VALUES ($1, $2, $3, $4, $5, $6, $7, $8, $9) RETURNING "id"[0m  [["start_date", Sat, 01 Jun 1996], ["end_date", Fri, 01 Jun 2001], ["description", "My specialization is about computer science."], ["degree_type", "Master"], ["degree_field", "Computer Science"], ["organization", "Chicago Law School"], ["job_application_id", 5], ["created_at", 2016-09-09 08:13:40 UTC], ["updated_at", 2016-09-09 08:13:40 UTC]]
  [1m[35m (2.3ms)[0m  [1m[35mCOMMIT[0m
  [1m[35m (0.1ms)[0m  [1m[35mBEGIN[0m
  [1m[36mCandidate Exists (0.3ms)[0m  [1m[34mSELECT  1 AS one FROM "candidates" WHERE "candidates"."email" = $1 LIMIT $2[0m  [["email", "paul.dou@gmail.com"], ["LIMIT", 1]]
  [1m[35mSQL (0.3ms)[0m  [1m[32mINSERT INTO "candidates" ("email", "encrypted_password", "created_at", "updated_at", "first_name", "last_name", "phone_number") VALUES ($1, $2, $3, $4, $5, $6, $7) RETURNING "id"[0m  [["email", "paul.dou@gmail.com"], ["encrypted_password", "$2a$11$42AHQdh7xtFN2HUe1nE55uapPUFR5CnpiimPfMQ1zrGijxEYXBa2G"], ["created_at", 2016-09-09 08:13:41 UTC], ["updated_at", 2016-09-09 08:13:41 UTC], ["first_name", "Paul"], ["last_name", "Doumergue"], ["phone_number", "+33 8 31 94 88 66"]]
  [1m[35m (2.3ms)[0m  [1m[35mCOMMIT[0m
  [1m[36mCandidate Load (0.3ms)[0m  [1m[34mSELECT  "candidates".* FROM "candidates" WHERE "candidates"."last_name" = $1 LIMIT $2[0m  [["last_name", "Doumergue"], ["LIMIT", 1]]
  [1m[36mJobOffer Load (0.3ms)[0m  [1m[34mSELECT  "job_offers".* FROM "job_offers" ORDER BY "job_offers"."id" ASC LIMIT $1 OFFSET $2[0m  [["LIMIT", 1], ["OFFSET", 2]]
  [1m[35m (0.1ms)[0m  [1m[35mBEGIN[0m
  [1m[35mSQL (0.3ms)[0m  [1m[32mINSERT INTO "job_applications" ("candidate_id", "job_offer_id", "motivation_letter", "created_at", "updated_at", "submit") VALUES ($1, $2, $3, $4, $5, $6) RETURNING "id"[0m  [["candidate_id", 6], ["job_offer_id", 3], ["motivation_letter", "Hello world"], ["created_at", 2016-09-01 00:00:00 UTC], ["updated_at", 2016-09-09 08:13:41 UTC], ["submit", true]]
  [1m[35m (2.2ms)[0m  [1m[35mCOMMIT[0m
  [1m[36mJobApplication Load (0.2ms)[0m  [1m[34mSELECT  "job_applications".* FROM "job_applications" WHERE "job_applications"."motivation_letter" = $1 LIMIT $2[0m  [["motivation_letter", "Hello world"], ["LIMIT", 1]]
  [1m[35m (0.1ms)[0m  [1m[35mBEGIN[0m
  [1m[35mSQL (0.3ms)[0m  [1m[32mINSERT INTO "languages" ("name", "proficiency", "job_application_id", "created_at", "updated_at") VALUES ($1, $2, $3, $4, $5) RETURNING "id"[0m  [["name", "English"], ["proficiency", "Native"], ["job_application_id", 6], ["created_at", 2016-09-09 08:13:41 UTC], ["updated_at", 2016-09-09 08:13:41 UTC]]
  [1m[35m (2.1ms)[0m  [1m[35mCOMMIT[0m
  [1m[36mJobApplication Load (0.2ms)[0m  [1m[34mSELECT  "job_applications".* FROM "job_applications" WHERE "job_applications"."motivation_letter" = $1 LIMIT $2[0m  [["motivation_letter", "Hello world"], ["LIMIT", 1]]
  [1m[35m (0.1ms)[0m  [1m[35mBEGIN[0m
  [1m[35mSQL (0.4ms)[0m  [1m[32mINSERT INTO "languages" ("name", "proficiency", "job_application_id", "created_at", "updated_at") VALUES ($1, $2, $3, $4, $5) RETURNING "id"[0m  [["name", "French"], ["proficiency", "Fluent"], ["job_application_id", 6], ["created_at", 2016-09-09 08:13:41 UTC], ["updated_at", 2016-09-09 08:13:41 UTC]]
  [1m[35m (2.3ms)[0m  [1m[35mCOMMIT[0m
  [1m[36mJobApplication Load (0.3ms)[0m  [1m[34mSELECT  "job_applications".* FROM "job_applications" WHERE "job_applications"."motivation_letter" = $1 LIMIT $2[0m  [["motivation_letter", "Hello world"], ["LIMIT", 1]]
  [1m[35m (0.2ms)[0m  [1m[35mBEGIN[0m
  [1m[35mSQL (0.5ms)[0m  [1m[32mINSERT INTO "experiences" ("company_size", "industry", "organization", "job_application_id", "title", "start_date", "end_date", "description", "created_at", "updated_at") VALUES ($1, $2, $3, $4, $5, $6, $7, $8, $9, $10) RETURNING "id"[0m  [["company_size", 100000], ["industry", "Corporate Law"], ["organization", "Airbus"], ["job_application_id", 6], ["title", "Aerospace Engineer"], ["start_date", Tue, 01 Jun 1999], ["end_date", Tue, 01 Jun 2010], ["description", "Exciting experience in a dynamic SSII."], ["created_at", 2016-09-09 08:13:41 UTC], ["updated_at", 2016-09-09 08:13:41 UTC]]
  [1m[35m (2.3ms)[0m  [1m[35mCOMMIT[0m
  [1m[36mJobApplication Load (0.3ms)[0m  [1m[34mSELECT  "job_applications".* FROM "job_applications" WHERE "job_applications"."motivation_letter" = $1 LIMIT $2[0m  [["motivation_letter", "Hello world"], ["LIMIT", 1]]
  [1m[35m (0.2ms)[0m  [1m[35mBEGIN[0m
  [1m[35mSQL (0.6ms)[0m  [1m[32mINSERT INTO "educations" ("start_date", "end_date", "description", "degree_type", "degree_field", "organization", "job_application_id", "created_at", "updated_at") VALUES ($1, $2, $3, $4, $5, $6, $7, $8, $9) RETURNING "id"[0m  [["start_date", Sat, 01 Jun 1996], ["end_date", Fri, 01 Jun 2001], ["description", "My specialization is about computer science."], ["degree_type", "Master"], ["degree_field", "Computer Science"], ["organization", "INSA Lyon"], ["job_application_id", 6], ["created_at", 2016-09-09 08:13:41 UTC], ["updated_at", 2016-09-09 08:13:41 UTC]]
  [1m[35m (2.4ms)[0m  [1m[35mCOMMIT[0m
  [1m[35m (0.1ms)[0m  [1m[35mBEGIN[0m
  [1m[36mCandidate Exists (0.3ms)[0m  [1m[34mSELECT  1 AS one FROM "candidates" WHERE "candidates"."email" = $1 LIMIT $2[0m  [["email", "edf@gmail.com"], ["LIMIT", 1]]
  [1m[35mSQL (0.3ms)[0m  [1m[32mINSERT INTO "candidates" ("email", "encrypted_password", "created_at", "updated_at", "first_name", "last_name", "phone_number") VALUES ($1, $2, $3, $4, $5, $6, $7) RETURNING "id"[0m  [["email", "edf@gmail.com"], ["encrypted_password", "$2a$11$AMipsTS80nSc5zEhMf/BtuBhYdhyZzV8X5BGq.A8mFLNzpPKcRPte"], ["created_at", 2016-09-09 08:13:41 UTC], ["updated_at", 2016-09-09 08:13:41 UTC], ["first_name", "Edouard"], ["last_name", "Foussier"], ["phone_number", "+33 9 31 94 88 66"]]
  [1m[35m (2.1ms)[0m  [1m[35mCOMMIT[0m
  [1m[36mCandidate Load (0.3ms)[0m  [1m[34mSELECT  "candidates".* FROM "candidates" WHERE "candidates"."last_name" = $1 LIMIT $2[0m  [["last_name", "Foussier"], ["LIMIT", 1]]
  [1m[36mJobOffer Load (0.2ms)[0m  [1m[34mSELECT  "job_offers".* FROM "job_offers" ORDER BY "job_offers"."id" ASC LIMIT $1 OFFSET $2[0m  [["LIMIT", 1], ["OFFSET", 2]]
  [1m[35m (0.1ms)[0m  [1m[35mBEGIN[0m
  [1m[35mSQL (0.3ms)[0m  [1m[32mINSERT INTO "job_applications" ("candidate_id", "job_offer_id", "motivation_letter", "created_at", "updated_at", "submit") VALUES ($1, $2, $3, $4, $5, $6) RETURNING "id"[0m  [["candidate_id", 7], ["job_offer_id", 3], ["motivation_letter", "Yolo"], ["created_at", 2016-09-09 08:13:41 UTC], ["updated_at", 2016-09-09 08:13:41 UTC], ["submit", true]]
  [1m[35m (2.2ms)[0m  [1m[35mCOMMIT[0m
  [1m[36mJobApplication Load (0.2ms)[0m  [1m[34mSELECT  "job_applications".* FROM "job_applications" WHERE "job_applications"."motivation_letter" = $1 LIMIT $2[0m  [["motivation_letter", "Yolo"], ["LIMIT", 1]]
  [1m[35m (0.1ms)[0m  [1m[35mBEGIN[0m
  [1m[35mSQL (0.4ms)[0m  [1m[32mINSERT INTO "languages" ("name", "proficiency", "job_application_id", "created_at", "updated_at") VALUES ($1, $2, $3, $4, $5) RETURNING "id"[0m  [["name", "English"], ["proficiency", "Native"], ["job_application_id", 7], ["created_at", 2016-09-09 08:13:41 UTC], ["updated_at", 2016-09-09 08:13:41 UTC]]
  [1m[35m (2.0ms)[0m  [1m[35mCOMMIT[0m
  [1m[36mJobApplication Load (0.2ms)[0m  [1m[34mSELECT  "job_applications".* FROM "job_applications" WHERE "job_applications"."motivation_letter" = $1 LIMIT $2[0m  [["motivation_letter", "Yolo"], ["LIMIT", 1]]
  [1m[35m (0.1ms)[0m  [1m[35mBEGIN[0m
  [1m[35mSQL (0.4ms)[0m  [1m[32mINSERT INTO "languages" ("name", "proficiency", "job_application_id", "created_at", "updated_at") VALUES ($1, $2, $3, $4, $5) RETURNING "id"[0m  [["name", "French"], ["proficiency", "Fluent"], ["job_application_id", 7], ["created_at", 2016-09-09 08:13:41 UTC], ["updated_at", 2016-09-09 08:13:41 UTC]]
  [1m[35m (2.2ms)[0m  [1m[35mCOMMIT[0m
  [1m[36mJobApplication Load (0.2ms)[0m  [1m[34mSELECT  "job_applications".* FROM "job_applications" WHERE "job_applications"."motivation_letter" = $1 LIMIT $2[0m  [["motivation_letter", "Yolo"], ["LIMIT", 1]]
  [1m[35m (0.1ms)[0m  [1m[35mBEGIN[0m
  [1m[35mSQL (0.3ms)[0m  [1m[32mINSERT INTO "experiences" ("company_size", "industry", "organization", "job_application_id", "title", "start_date", "end_date", "description", "created_at", "updated_at") VALUES ($1, $2, $3, $4, $5, $6, $7, $8, $9, $10) RETURNING "id"[0m  [["company_size", 100000], ["industry", "Corporate Law"], ["organization", "Le Wagon"], ["job_application_id", 7], ["title", "All things community"], ["start_date", Fri, 01 Jun 2012], ["end_date", Mon, 01 Aug 2016], ["description", "Le Wagon Lover"], ["created_at", 2016-09-09 08:13:41 UTC], ["updated_at", 2016-09-09 08:13:41 UTC]]
  [1m[35m (2.1ms)[0m  [1m[35mCOMMIT[0m
  [1m[36mJobApplication Load (0.2ms)[0m  [1m[34mSELECT  "job_applications".* FROM "job_applications" WHERE "job_applications"."motivation_letter" = $1 LIMIT $2[0m  [["motivation_letter", "Yolo"], ["LIMIT", 1]]
  [1m[35m (0.1ms)[0m  [1m[35mBEGIN[0m
  [1m[35mSQL (0.3ms)[0m  [1m[32mINSERT INTO "educations" ("start_date", "end_date", "description", "degree_type", "degree_field", "organization", "job_application_id", "created_at", "updated_at") VALUES ($1, $2, $3, $4, $5, $6, $7, $8, $9) RETURNING "id"[0m  [["start_date", Sat, 01 Jun 1996], ["end_date", Fri, 01 Jun 2001], ["description", "My specialization is about computer science."], ["degree_type", "Master"], ["degree_field", "Computer Science"], ["organization", "ESCP Europe"], ["job_application_id", 7], ["created_at", 2016-09-09 08:13:41 UTC], ["updated_at", 2016-09-09 08:13:41 UTC]]
  [1m[35m (2.2ms)[0m  [1m[35mCOMMIT[0m
  [1m[35m (0.2ms)[0m  [1m[35mBEGIN[0m
  [1m[36mCandidate Exists (0.3ms)[0m  [1m[34mSELECT  1 AS one FROM "candidates" WHERE "candidates"."email" = $1 LIMIT $2[0m  [["email", "bernard@gmail.com"], ["LIMIT", 1]]
  [1m[35mSQL (0.3ms)[0m  [1m[32mINSERT INTO "candidates" ("email", "encrypted_password", "created_at", "updated_at", "first_name", "last_name", "phone_number") VALUES ($1, $2, $3, $4, $5, $6, $7) RETURNING "id"[0m  [["email", "bernard@gmail.com"], ["encrypted_password", "$2a$11$B6cbFI17FlpuKP.CJNKC7uKmIdWAMrn45t5MwXRmGUQHNt31/xdOG"], ["created_at", 2016-09-09 08:13:41 UTC], ["updated_at", 2016-09-09 08:13:41 UTC], ["first_name", "Bernard"], ["last_name", "Madoff"], ["phone_number", "+33 7 31 94 88 66"]]
  [1m[35m (2.4ms)[0m  [1m[35mCOMMIT[0m
  [1m[36mCandidate Load (0.3ms)[0m  [1m[34mSELECT  "candidates".* FROM "candidates" WHERE "candidates"."last_name" = $1 LIMIT $2[0m  [["last_name", "Madoff"], ["LIMIT", 1]]
  [1m[36mJobOffer Load (0.2ms)[0m  [1m[34mSELECT  "job_offers".* FROM "job_offers" ORDER BY "job_offers"."id" ASC LIMIT $1 OFFSET $2[0m  [["LIMIT", 1], ["OFFSET", 2]]
  [1m[35m (0.1ms)[0m  [1m[35mBEGIN[0m
  [1m[35mSQL (0.3ms)[0m  [1m[32mINSERT INTO "job_applications" ("candidate_id", "job_offer_id", "motivation_letter", "created_at", "updated_at") VALUES ($1, $2, $3, $4, $5) RETURNING "id"[0m  [["candidate_id", 8], ["job_offer_id", 3], ["motivation_letter", "Dear Sir,\n  I really want to work with you because i am the bezst fit for you, trust me !"], ["created_at", 2016-09-01 00:00:00 UTC], ["updated_at", 2016-09-09 08:13:41 UTC]]
  [1m[35m (2.2ms)[0m  [1m[35mCOMMIT[0m
  [1m[36mJobApplication Load (0.2ms)[0m  [1m[34mSELECT  "job_applications".* FROM "job_applications" WHERE "job_applications"."motivation_letter" = $1 LIMIT $2[0m  [["motivation_letter", "Dear Sir,\n  I really want to work with you because i am the bezst fit for you, trust me !"], ["LIMIT", 1]]
  [1m[35m (0.1ms)[0m  [1m[35mBEGIN[0m
  [1m[35mSQL (0.4ms)[0m  [1m[32mINSERT INTO "educations" ("start_date", "end_date", "title", "description", "degree_type", "degree_field", "organization", "job_application_id", "created_at", "updated_at") VALUES ($1, $2, $3, $4, $5, $6, $7, $8, $9, $10) RETURNING "id"[0m  [["start_date", Fri, 01 Jun 2007], ["end_date", Sun, 01 Aug 2010], ["title", "Martial Arts Training"], ["description", "Martial Arts Training"], ["degree_type", "Kun-fu"], ["degree_field", "Master"], ["organization", "Ninja School"], ["job_application_id", 8], ["created_at", 2016-09-09 08:13:41 UTC], ["updated_at", 2016-09-09 08:13:41 UTC]]
  [1m[35m (2.1ms)[0m  [1m[35mCOMMIT[0m
  [1m[36mJobApplication Load (0.2ms)[0m  [1m[34mSELECT  "job_applications".* FROM "job_applications" WHERE "job_applications"."motivation_letter" = $1 LIMIT $2[0m  [["motivation_letter", "Dear Sir,\n  I really want to work with you because i am the bezst fit for you, trust me !"], ["LIMIT", 1]]
  [1m[35m (0.1ms)[0m  [1m[35mBEGIN[0m
  [1m[35mSQL (0.4ms)[0m  [1m[32mINSERT INTO "educations" ("start_date", "end_date", "title", "description", "degree_type", "degree_field", "organization", "job_application_id", "created_at", "updated_at") VALUES ($1, $2, $3, $4, $5, $6, $7, $8, $9, $10) RETURNING "id"[0m  [["start_date", Wed, 01 Sep 2010], ["end_date", Mon, 01 Nov 2010], ["title", "Programming"], ["description", "Full stack coding bootcamp"], ["degree_type", "RoR"], ["degree_field", ""], ["organization", "Le Wagon"], ["job_application_id", 8], ["created_at", 2016-09-09 08:13:41 UTC], ["updated_at", 2016-09-09 08:13:41 UTC]]
  [1m[35m (2.3ms)[0m  [1m[35mCOMMIT[0m
  [1m[36mJobApplication Load (0.2ms)[0m  [1m[34mSELECT  "job_applications".* FROM "job_applications" WHERE "job_applications"."motivation_letter" = $1 LIMIT $2[0m  [["motivation_letter", "Dear Sir,\n  I really want to work with you because i am the bezst fit for you, trust me !"], ["LIMIT", 1]]
  [1m[35m (0.1ms)[0m  [1m[35mBEGIN[0m
  [1m[35mSQL (0.4ms)[0m  [1m[32mINSERT INTO "experiences" ("company_size", "industry", "organization", "job_application_id", "title", "start_date", "end_date", "description", "created_at", "updated_at") VALUES ($1, $2, $3, $4, $5, $6, $7, $8, $9, $10) RETURNING "id"[0m  [["company_size", 100000], ["industry", "Marketing"], ["organization", "P&G"], ["job_application_id", 8], ["title", "Category Manager"], ["start_date", Tue, 01 Jun 1999], ["end_date", Tue, 01 Jun 2010], ["description", "I worked within a team of 12 collaborators. I was personally in charge of analyzing KPIs of several categories of products and writing reports and recommandations about it."], ["created_at", 2016-09-09 08:13:41 UTC], ["updated_at", 2016-09-09 08:13:41 UTC]]
  [1m[35m (2.4ms)[0m  [1m[35mCOMMIT[0m
